This file contains any messages produced by compilers while
running configure, to aid debugging if configure makes a mistake.

It was created by libfswatch configure 1.9.3, which was
generated by GNU Autoconf 2.69.  Invocation command line was

  $ ./configure --disable-option-checking --prefix=/usr/local --cache-file=/dev/null --srcdir=.

## --------- ##
## Platform. ##
## --------- ##

hostname = bonami-ThinkPad-E15-Gen-4
uname -m = x86_64
uname -r = 5.19.0-46-generic
uname -s = Linux
uname -v = #47~22.04.1-Ubuntu SMP PREEMPT_DYNAMIC Wed Jun 21 15:35:31 UTC 2

/usr/bin/uname -p = x86_64
/bin/uname -X     = unknown

/bin/arch              = x86_64
/usr/bin/arch -k       = unknown
/usr/convex/getsysinfo = unknown
/usr/bin/hostinfo      = unknown
/bin/machine           = unknown
/usr/bin/oslevel       = unknown
/bin/universe          = unknown

PATH: /home/bonami/flutter/flutter/bin/cache/dart-sdk/bin/
PATH: /usr/local/sbin
PATH: /usr/local/bin
PATH: /usr/sbin
PATH: /usr/bin
PATH: /sbin
PATH: /bin
PATH: /usr/games
PATH: /usr/local/games
PATH: /snap/bin
PATH: /snap/bin
PATH: /home/bonami/flutter/flutter/bin
PATH: /home/bonami/flutter/flutter/bin


## ----------- ##
## Core tests. ##
## ----------- ##

configure:2779: checking build system type
configure:2793: result: x86_64-unknown-linux-gnu
configure:2813: checking host system type
configure:2826: result: x86_64-unknown-linux-gnu
configure:2846: checking target system type
configure:2859: result: x86_64-unknown-linux-gnu
configure:2907: checking for a BSD-compatible install
configure:2975: result: /usr/bin/install -c
configure:2986: checking whether build environment is sane
configure:3041: result: yes
configure:3192: checking for a thread-safe mkdir -p
configure:3231: result: /usr/bin/mkdir -p
configure:3238: checking for gawk
configure:3268: result: no
configure:3238: checking for mawk
configure:3254: found /usr/bin/mawk
configure:3265: result: mawk
configure:3276: checking whether make sets $(MAKE)
configure:3298: result: yes
configure:3327: checking whether make supports nested variables
configure:3344: result: yes
configure:3481: checking whether make supports nested variables
configure:3498: result: yes
configure:3521: checking for style of include used by make
configure:3549: result: GNU
configure:3620: checking for gcc
configure:3636: found /usr/bin/gcc
configure:3647: result: gcc
configure:3876: checking for C compiler version
configure:3885: gcc --version >&5
gcc (Ubuntu 11.3.0-1ubuntu1~22.04.1) 11.3.0
Copyright (C) 2021 Free Software Foundation, Inc.
This is free software; see the source for copying conditions.  There is NO
warranty; not even for MERCHANTABILITY or FITNESS FOR A PARTICULAR PURPOSE.

configure:3896: $? = 0
configure:3885: gcc -v >&5
Using built-in specs.
COLLECT_GCC=gcc
COLLECT_LTO_WRAPPER=/usr/lib/gcc/x86_64-linux-gnu/11/lto-wrapper
OFFLOAD_TARGET_NAMES=nvptx-none:amdgcn-amdhsa
OFFLOAD_TARGET_DEFAULT=1
Target: x86_64-linux-gnu
Configured with: ../src/configure -v --with-pkgversion='Ubuntu 11.3.0-1ubuntu1~22.04.1' --with-bugurl=file:///usr/share/doc/gcc-11/README.Bugs --enable-languages=c,ada,c++,go,brig,d,fortran,objc,obj-c++,m2 --prefix=/usr --with-gcc-major-version-only --program-suffix=-11 --program-prefix=x86_64-linux-gnu- --enable-shared --enable-linker-build-id --libexecdir=/usr/lib --without-included-gettext --enable-threads=posix --libdir=/usr/lib --enable-nls --enable-bootstrap --enable-clocale=gnu --enable-libstdcxx-debug --enable-libstdcxx-time=yes --with-default-libstdcxx-abi=new --enable-gnu-unique-object --disable-vtable-verify --enable-plugin --enable-default-pie --with-system-zlib --enable-libphobos-checking=release --with-target-system-zlib=auto --enable-objc-gc=auto --enable-multiarch --disable-werror --enable-cet --with-arch-32=i686 --with-abi=m64 --with-multilib-list=m32,m64,mx32 --enable-multilib --with-tune=generic --enable-offload-targets=nvptx-none=/build/gcc-11-aYxV0E/gcc-11-11.3.0/debian/tmp-nvptx/usr,amdgcn-amdhsa=/build/gcc-11-aYxV0E/gcc-11-11.3.0/debian/tmp-gcn/usr --without-cuda-driver --enable-checking=release --build=x86_64-linux-gnu --host=x86_64-linux-gnu --target=x86_64-linux-gnu --with-build-config=bootstrap-lto-lean --enable-link-serialization=2
Thread model: posix
Supported LTO compression algorithms: zlib zstd
gcc version 11.3.0 (Ubuntu 11.3.0-1ubuntu1~22.04.1) 
... rest of stderr output deleted ...
configure:3896: $? = 0
configure:3885: gcc -V >&5
gcc: error: unrecognized command-line option '-V'
gcc: fatal error: no input files
compilation terminated.
configure:3896: $? = 1
configure:3885: gcc -qversion >&5
gcc: error: unrecognized command-line option '-qversion'; did you mean '--version'?
gcc: fatal error: no input files
compilation terminated.
configure:3896: $? = 1
configure:3916: checking whether the C compiler works
configure:3938: gcc    conftest.c  >&5
configure:3942: $? = 0
configure:3990: result: yes
configure:3993: checking for C compiler default output file name
configure:3995: result: a.out
configure:4001: checking for suffix of executables
configure:4008: gcc -o conftest    conftest.c  >&5
configure:4012: $? = 0
configure:4034: result: 
configure:4056: checking whether we are cross compiling
configure:4064: gcc -o conftest    conftest.c  >&5
configure:4068: $? = 0
configure:4075: ./conftest
configure:4079: $? = 0
configure:4094: result: no
configure:4099: checking for suffix of object files
configure:4121: gcc -c   conftest.c >&5
configure:4125: $? = 0
configure:4146: result: o
configure:4150: checking whether we are using the GNU C compiler
configure:4169: gcc -c   conftest.c >&5
configure:4169: $? = 0
configure:4178: result: yes
configure:4187: checking whether gcc accepts -g
configure:4207: gcc -c -g  conftest.c >&5
configure:4207: $? = 0
configure:4248: result: yes
configure:4265: checking for gcc option to accept ISO C89
configure:4328: gcc  -c -g -O2  conftest.c >&5
configure:4328: $? = 0
configure:4341: result: none needed
configure:4366: checking whether gcc understands -c and -o together
configure:4388: gcc -c conftest.c -o conftest2.o
configure:4391: $? = 0
configure:4388: gcc -c conftest.c -o conftest2.o
configure:4391: $? = 0
configure:4403: result: yes
configure:4422: checking dependency style of gcc
configure:4533: result: gcc3
configure:4598: checking for ar
configure:4614: found /usr/bin/ar
configure:4625: result: ar
configure:4651: checking the archiver (ar) interface
configure:4667: gcc -c -g -O2  conftest.c >&5
configure:4667: $? = 0
configure:4669: ar cru libconftest.a conftest.o >&5
ar: `u' modifier ignored since `D' is the default (see `U')
configure:4672: $? = 0
configure:4700: result: ar
configure:4786: checking for clang++
configure:4816: result: no
configure:4786: checking for g++
configure:4802: found /usr/bin/g++
configure:4813: result: g++
configure:4840: checking for C++ compiler version
configure:4849: g++ --version >&5
g++ (Ubuntu 11.3.0-1ubuntu1~22.04.1) 11.3.0
Copyright (C) 2021 Free Software Foundation, Inc.
This is free software; see the source for copying conditions.  There is NO
warranty; not even for MERCHANTABILITY or FITNESS FOR A PARTICULAR PURPOSE.

configure:4860: $? = 0
configure:4849: g++ -v >&5
Using built-in specs.
COLLECT_GCC=g++
COLLECT_LTO_WRAPPER=/usr/lib/gcc/x86_64-linux-gnu/11/lto-wrapper
OFFLOAD_TARGET_NAMES=nvptx-none:amdgcn-amdhsa
OFFLOAD_TARGET_DEFAULT=1
Target: x86_64-linux-gnu
Configured with: ../src/configure -v --with-pkgversion='Ubuntu 11.3.0-1ubuntu1~22.04.1' --with-bugurl=file:///usr/share/doc/gcc-11/README.Bugs --enable-languages=c,ada,c++,go,brig,d,fortran,objc,obj-c++,m2 --prefix=/usr --with-gcc-major-version-only --program-suffix=-11 --program-prefix=x86_64-linux-gnu- --enable-shared --enable-linker-build-id --libexecdir=/usr/lib --without-included-gettext --enable-threads=posix --libdir=/usr/lib --enable-nls --enable-bootstrap --enable-clocale=gnu --enable-libstdcxx-debug --enable-libstdcxx-time=yes --with-default-libstdcxx-abi=new --enable-gnu-unique-object --disable-vtable-verify --enable-plugin --enable-default-pie --with-system-zlib --enable-libphobos-checking=release --with-target-system-zlib=auto --enable-objc-gc=auto --enable-multiarch --disable-werror --enable-cet --with-arch-32=i686 --with-abi=m64 --with-multilib-list=m32,m64,mx32 --enable-multilib --with-tune=generic --enable-offload-targets=nvptx-none=/build/gcc-11-aYxV0E/gcc-11-11.3.0/debian/tmp-nvptx/usr,amdgcn-amdhsa=/build/gcc-11-aYxV0E/gcc-11-11.3.0/debian/tmp-gcn/usr --without-cuda-driver --enable-checking=release --build=x86_64-linux-gnu --host=x86_64-linux-gnu --target=x86_64-linux-gnu --with-build-config=bootstrap-lto-lean --enable-link-serialization=2
Thread model: posix
Supported LTO compression algorithms: zlib zstd
gcc version 11.3.0 (Ubuntu 11.3.0-1ubuntu1~22.04.1) 
... rest of stderr output deleted ...
configure:4860: $? = 0
configure:4849: g++ -V >&5
g++: error: unrecognized command-line option '-V'
g++: fatal error: no input files
compilation terminated.
configure:4860: $? = 1
configure:4849: g++ -qversion >&5
g++: error: unrecognized command-line option '-qversion'; did you mean '--version'?
g++: fatal error: no input files
compilation terminated.
configure:4860: $? = 1
configure:4864: checking whether we are using the GNU C++ compiler
configure:4883: g++ -c   conftest.cpp >&5
configure:4883: $? = 0
configure:4892: result: yes
configure:4901: checking whether g++ accepts -g
configure:4921: g++ -c -g  conftest.cpp >&5
configure:4921: $? = 0
configure:4962: result: yes
configure:4987: checking dependency style of g++
configure:5098: result: gcc3
configure:5162: checking how to print strings
configure:5189: result: printf
configure:5210: checking for a sed that does not truncate output
configure:5274: result: /usr/bin/sed
configure:5292: checking for grep that handles long lines and -e
configure:5350: result: /usr/bin/grep
configure:5355: checking for egrep
configure:5417: result: /usr/bin/grep -E
configure:5422: checking for fgrep
configure:5484: result: /usr/bin/grep -F
configure:5519: checking for ld used by gcc
configure:5586: result: /usr/bin/ld
configure:5593: checking if the linker (/usr/bin/ld) is GNU ld
configure:5608: result: yes
configure:5620: checking for BSD- or MS-compatible name lister (nm)
configure:5674: result: /usr/bin/nm -B
configure:5804: checking the name lister (/usr/bin/nm -B) interface
configure:5811: g++ -c -g -O2  conftest.cpp >&5
configure:5814: /usr/bin/nm -B "conftest.o"
configure:5817: output
0000000000000000 B some_variable
configure:5824: result: BSD nm
configure:5827: checking whether ln -s works
configure:5831: result: yes
configure:5839: checking the maximum length of command line arguments
configure:5970: result: 1572864
configure:6018: checking how to convert x86_64-unknown-linux-gnu file names to x86_64-unknown-linux-gnu format
configure:6058: result: func_convert_file_noop
configure:6065: checking how to convert x86_64-unknown-linux-gnu file names to toolchain format
configure:6085: result: func_convert_file_noop
configure:6092: checking for /usr/bin/ld option to reload object files
configure:6099: result: -r
configure:6173: checking for objdump
configure:6189: found /usr/bin/objdump
configure:6200: result: objdump
configure:6232: checking how to recognize dependent libraries
configure:6432: result: pass_all
configure:6517: checking for dlltool
configure:6547: result: no
configure:6577: checking how to associate runtime and link libraries
configure:6604: result: printf %s\n
configure:6729: checking for archiver @FILE support
configure:6746: g++ -c -g -O2  conftest.cpp >&5
configure:6746: $? = 0
configure:6749: ar cru libconftest.a @conftest.lst >&5
ar: `u' modifier ignored since `D' is the default (see `U')
configure:6752: $? = 0
configure:6757: ar cru libconftest.a @conftest.lst >&5
ar: `u' modifier ignored since `D' is the default (see `U')
ar: conftest.o: No such file or directory
configure:6760: $? = 1
configure:6772: result: @
configure:6830: checking for strip
configure:6846: found /usr/bin/strip
configure:6857: result: strip
configure:6929: checking for ranlib
configure:6945: found /usr/bin/ranlib
configure:6956: result: ranlib
configure:7058: checking command to parse /usr/bin/nm -B output from gcc object
configure:7211: g++ -c -g -O2  conftest.cpp >&5
configure:7214: $? = 0
configure:7218: /usr/bin/nm -B conftest.o \| sed -n -e 's/^.*[ ]\([ABCDGIRSTW][ABCDGIRSTW]*\)[ ][ ]*\([_A-Za-z][_A-Za-z0-9]*\)$/\1 \2 \2/p' | sed '/ __gnu_lto/d' \> conftest.nm
configure:7221: $? = 0
configure:7287: g++ -o conftest -g -O2   conftest.cpp conftstm.o >&5
configure:7290: $? = 0
configure:7328: result: ok
configure:7375: checking for sysroot
configure:7405: result: no
configure:7412: checking for a working dd
configure:7450: result: /usr/bin/dd
configure:7454: checking how to truncate binary pipes
configure:7469: result: /usr/bin/dd bs=4096 count=1
configure:7605: g++ -c -g -O2  conftest.cpp >&5
configure:7608: $? = 0
configure:7798: checking for mt
configure:7814: found /usr/bin/mt
configure:7825: result: mt
configure:7848: checking if mt is a manifest tool
configure:7854: mt '-?'
configure:7862: result: no
configure:8539: checking how to run the C preprocessor
configure:8570: gcc -E  conftest.c
configure:8570: $? = 0
configure:8584: gcc -E  conftest.c
conftest.c:11:10: fatal error: ac_nonexistent.h: No such file or directory
   11 | #include <ac_nonexistent.h>
      |          ^~~~~~~~~~~~~~~~~~
compilation terminated.
configure:8584: $? = 1
configure: failed program was:
| /* confdefs.h */
| #define PACKAGE_NAME "libfswatch"
| #define PACKAGE_TARNAME "libfswatch"
| #define PACKAGE_VERSION "1.9.3"
| #define PACKAGE_STRING "libfswatch 1.9.3"
| #define PACKAGE_BUGREPORT "enrico.m.crisostomo@gmail.com"
| #define PACKAGE_URL "https://github.com/emcrisostomo/fswatch"
| #define PACKAGE "libfswatch"
| #define VERSION "1.9.3"
| /* end confdefs.h.  */
| #include <ac_nonexistent.h>
configure:8609: result: gcc -E
configure:8629: gcc -E  conftest.c
configure:8629: $? = 0
configure:8643: gcc -E  conftest.c
conftest.c:11:10: fatal error: ac_nonexistent.h: No such file or directory
   11 | #include <ac_nonexistent.h>
      |          ^~~~~~~~~~~~~~~~~~
compilation terminated.
configure:8643: $? = 1
configure: failed program was:
| /* confdefs.h */
| #define PACKAGE_NAME "libfswatch"
| #define PACKAGE_TARNAME "libfswatch"
| #define PACKAGE_VERSION "1.9.3"
| #define PACKAGE_STRING "libfswatch 1.9.3"
| #define PACKAGE_BUGREPORT "enrico.m.crisostomo@gmail.com"
| #define PACKAGE_URL "https://github.com/emcrisostomo/fswatch"
| #define PACKAGE "libfswatch"
| #define VERSION "1.9.3"
| /* end confdefs.h.  */
| #include <ac_nonexistent.h>
configure:8672: checking for ANSI C header files
configure:8692: gcc -c -g -O2  conftest.c >&5
configure:8692: $? = 0
configure:8765: gcc -o conftest -g -O2   conftest.c  >&5
configure:8765: $? = 0
configure:8765: ./conftest
configure:8765: $? = 0
configure:8776: result: yes
configure:8789: checking for sys/types.h
configure:8789: gcc -c -g -O2  conftest.c >&5
configure:8789: $? = 0
configure:8789: result: yes
configure:8789: checking for sys/stat.h
configure:8789: gcc -c -g -O2  conftest.c >&5
configure:8789: $? = 0
configure:8789: result: yes
configure:8789: checking for stdlib.h
configure:8789: gcc -c -g -O2  conftest.c >&5
configure:8789: $? = 0
configure:8789: result: yes
configure:8789: checking for string.h
configure:8789: gcc -c -g -O2  conftest.c >&5
configure:8789: $? = 0
configure:8789: result: yes
configure:8789: checking for memory.h
configure:8789: gcc -c -g -O2  conftest.c >&5
configure:8789: $? = 0
configure:8789: result: yes
configure:8789: checking for strings.h
configure:8789: gcc -c -g -O2  conftest.c >&5
configure:8789: $? = 0
configure:8789: result: yes
configure:8789: checking for inttypes.h
configure:8789: gcc -c -g -O2  conftest.c >&5
configure:8789: $? = 0
configure:8789: result: yes
configure:8789: checking for stdint.h
configure:8789: gcc -c -g -O2  conftest.c >&5
configure:8789: $? = 0
configure:8789: result: yes
configure:8789: checking for unistd.h
configure:8789: gcc -c -g -O2  conftest.c >&5
configure:8789: $? = 0
configure:8789: result: yes
configure:8803: checking for dlfcn.h
configure:8803: gcc -c -g -O2  conftest.c >&5
configure:8803: $? = 0
configure:8803: result: yes
configure:9069: checking for objdir
configure:9084: result: .libs
configure:9348: checking if gcc supports -fno-rtti -fno-exceptions
configure:9366: gcc -c -g -O2  -fno-rtti -fno-exceptions conftest.c >&5
cc1: warning: command-line option '-fno-rtti' is valid for C++/D/ObjC++ but not for C
configure:9370: $? = 0
configure:9383: result: no
configure:9741: checking for gcc option to produce PIC
configure:9748: result: -fPIC -DPIC
configure:9756: checking if gcc PIC flag -fPIC -DPIC works
configure:9774: gcc -c -g -O2  -fPIC -DPIC -DPIC conftest.c >&5
configure:9778: $? = 0
configure:9791: result: yes
configure:9820: checking if gcc static flag -static works
configure:9848: result: yes
configure:9863: checking if gcc supports -c -o file.o
configure:9884: gcc -c -g -O2  -o out/conftest2.o conftest.c >&5
configure:9888: $? = 0
configure:9910: result: yes
configure:9918: checking if gcc supports -c -o file.o
configure:9965: result: yes
configure:9998: checking whether the gcc linker (/usr/bin/ld -m elf_x86_64) supports shared libraries
configure:11257: result: yes
configure:11294: checking whether -lc should be explicitly linked in
configure:11302: gcc -c -g -O2  conftest.c >&5
configure:11305: $? = 0
configure:11320: gcc -shared  -fPIC -DPIC conftest.o  -v -Wl,-soname -Wl,conftest -o conftest 2\>\&1 \| /usr/bin/grep  -lc  \>/dev/null 2\>\&1
configure:11323: $? = 0
configure:11337: result: no
configure:11497: checking dynamic linker characteristics
configure:12078: gcc -o conftest -g -O2   -Wl,-rpath -Wl,/foo conftest.c  >&5
configure:12078: $? = 0
configure:12315: result: GNU/Linux ld.so
configure:12437: checking how to hardcode library paths into programs
configure:12462: result: immediate
configure:13010: checking whether stripping libraries is possible
configure:13015: result: yes
configure:13050: checking if libtool supports shared libraries
configure:13052: result: yes
configure:13055: checking whether to build shared libraries
configure:13080: result: yes
configure:13083: checking whether to build static libraries
configure:13087: result: yes
configure:13110: checking how to run the C++ preprocessor
configure:13137: g++ -E  conftest.cpp
configure:13137: $? = 0
configure:13151: g++ -E  conftest.cpp
conftest.cpp:23:10: fatal error: ac_nonexistent.h: No such file or directory
   23 | #include <ac_nonexistent.h>
      |          ^~~~~~~~~~~~~~~~~~
compilation terminated.
configure:13151: $? = 1
configure: failed program was:
| /* confdefs.h */
| #define PACKAGE_NAME "libfswatch"
| #define PACKAGE_TARNAME "libfswatch"
| #define PACKAGE_VERSION "1.9.3"
| #define PACKAGE_STRING "libfswatch 1.9.3"
| #define PACKAGE_BUGREPORT "enrico.m.crisostomo@gmail.com"
| #define PACKAGE_URL "https://github.com/emcrisostomo/fswatch"
| #define PACKAGE "libfswatch"
| #define VERSION "1.9.3"
| #define STDC_HEADERS 1
| #define HAVE_SYS_TYPES_H 1
| #define HAVE_SYS_STAT_H 1
| #define HAVE_STDLIB_H 1
| #define HAVE_STRING_H 1
| #define HAVE_MEMORY_H 1
| #define HAVE_STRINGS_H 1
| #define HAVE_INTTYPES_H 1
| #define HAVE_STDINT_H 1
| #define HAVE_UNISTD_H 1
| #define HAVE_DLFCN_H 1
| #define LT_OBJDIR ".libs/"
| /* end confdefs.h.  */
| #include <ac_nonexistent.h>
configure:13176: result: g++ -E
configure:13196: g++ -E  conftest.cpp
configure:13196: $? = 0
configure:13210: g++ -E  conftest.cpp
conftest.cpp:23:10: fatal error: ac_nonexistent.h: No such file or directory
   23 | #include <ac_nonexistent.h>
      |          ^~~~~~~~~~~~~~~~~~
compilation terminated.
configure:13210: $? = 1
configure: failed program was:
| /* confdefs.h */
| #define PACKAGE_NAME "libfswatch"
| #define PACKAGE_TARNAME "libfswatch"
| #define PACKAGE_VERSION "1.9.3"
| #define PACKAGE_STRING "libfswatch 1.9.3"
| #define PACKAGE_BUGREPORT "enrico.m.crisostomo@gmail.com"
| #define PACKAGE_URL "https://github.com/emcrisostomo/fswatch"
| #define PACKAGE "libfswatch"
| #define VERSION "1.9.3"
| #define STDC_HEADERS 1
| #define HAVE_SYS_TYPES_H 1
| #define HAVE_SYS_STAT_H 1
| #define HAVE_STDLIB_H 1
| #define HAVE_STRING_H 1
| #define HAVE_MEMORY_H 1
| #define HAVE_STRINGS_H 1
| #define HAVE_INTTYPES_H 1
| #define HAVE_STDINT_H 1
| #define HAVE_UNISTD_H 1
| #define HAVE_DLFCN_H 1
| #define LT_OBJDIR ".libs/"
| /* end confdefs.h.  */
| #include <ac_nonexistent.h>
configure:13372: checking for ld used by g++
configure:13439: result: /usr/bin/ld -m elf_x86_64
configure:13446: checking if the linker (/usr/bin/ld -m elf_x86_64) is GNU ld
configure:13461: result: yes
configure:13516: checking whether the g++ linker (/usr/bin/ld -m elf_x86_64) supports shared libraries
configure:14589: result: yes
configure:14625: g++ -c -g -O2  conftest.cpp >&5
configure:14628: $? = 0
configure:15109: checking for g++ option to produce PIC
configure:15116: result: -fPIC -DPIC
configure:15124: checking if g++ PIC flag -fPIC -DPIC works
configure:15142: g++ -c -g -O2  -fPIC -DPIC -DPIC conftest.cpp >&5
configure:15146: $? = 0
configure:15159: result: yes
configure:15182: checking if g++ static flag -static works
configure:15210: result: yes
configure:15222: checking if g++ supports -c -o file.o
configure:15243: g++ -c -g -O2  -o out/conftest2.o conftest.cpp >&5
configure:15247: $? = 0
configure:15269: result: yes
configure:15274: checking if g++ supports -c -o file.o
configure:15321: result: yes
configure:15351: checking whether the g++ linker (/usr/bin/ld -m elf_x86_64) supports shared libraries
configure:15391: result: yes
configure:15532: checking dynamic linker characteristics
configure:16277: result: GNU/Linux ld.so
configure:16342: checking how to hardcode library paths into programs
configure:16367: result: immediate
configure:16449: checking for doxygen
configure:16479: result: no
configure:16487: WARNING: Doxygen support disabled
configure:16505: checking whether NLS is requested
configure:16514: result: yes
configure:16554: checking for msgfmt
configure:16589: result: no
configure:16595: checking for gmsgfmt
configure:16626: result: :
configure:16676: checking for xgettext
configure:16711: result: no
configure:16753: checking for msgmerge
configure:16787: result: no
configure:16842: checking for ld used by gcc
configure:16909: result: /usr/bin/ld -m elf_x86_64
configure:16916: checking if the linker (/usr/bin/ld -m elf_x86_64) is GNU ld
configure:16931: result: yes
configure:16938: checking for shared library run path origin
configure:16951: result: done
configure:17524: checking for CFPreferencesCopyAppValue
configure:17542: g++ -o conftest -g -O2   conftest.cpp  -Wl,-framework -Wl,CoreFoundation >&5
conftest.cpp:23:10: fatal error: CoreFoundation/CFPreferences.h: No such file or directory
   23 | #include <CoreFoundation/CFPreferences.h>
      |          ^~~~~~~~~~~~~~~~~~~~~~~~~~~~~~~~
compilation terminated.
configure:17542: $? = 1
configure: failed program was:
| /* confdefs.h */
| #define PACKAGE_NAME "libfswatch"
| #define PACKAGE_TARNAME "libfswatch"
| #define PACKAGE_VERSION "1.9.3"
| #define PACKAGE_STRING "libfswatch 1.9.3"
| #define PACKAGE_BUGREPORT "enrico.m.crisostomo@gmail.com"
| #define PACKAGE_URL "https://github.com/emcrisostomo/fswatch"
| #define PACKAGE "libfswatch"
| #define VERSION "1.9.3"
| #define STDC_HEADERS 1
| #define HAVE_SYS_TYPES_H 1
| #define HAVE_SYS_STAT_H 1
| #define HAVE_STDLIB_H 1
| #define HAVE_STRING_H 1
| #define HAVE_MEMORY_H 1
| #define HAVE_STRINGS_H 1
| #define HAVE_INTTYPES_H 1
| #define HAVE_STDINT_H 1
| #define HAVE_UNISTD_H 1
| #define HAVE_DLFCN_H 1
| #define LT_OBJDIR ".libs/"
| /* end confdefs.h.  */
| #include <CoreFoundation/CFPreferences.h>
| int
| main ()
| {
| CFPreferencesCopyAppValue(NULL, NULL)
|   ;
|   return 0;
| }
configure:17551: result: no
configure:17558: checking for CFLocaleCopyCurrent
configure:17576: g++ -o conftest -g -O2   conftest.cpp  -Wl,-framework -Wl,CoreFoundation >&5
conftest.cpp:23:10: fatal error: CoreFoundation/CFLocale.h: No such file or directory
   23 | #include <CoreFoundation/CFLocale.h>
      |          ^~~~~~~~~~~~~~~~~~~~~~~~~~~
compilation terminated.
configure:17576: $? = 1
configure: failed program was:
| /* confdefs.h */
| #define PACKAGE_NAME "libfswatch"
| #define PACKAGE_TARNAME "libfswatch"
| #define PACKAGE_VERSION "1.9.3"
| #define PACKAGE_STRING "libfswatch 1.9.3"
| #define PACKAGE_BUGREPORT "enrico.m.crisostomo@gmail.com"
| #define PACKAGE_URL "https://github.com/emcrisostomo/fswatch"
| #define PACKAGE "libfswatch"
| #define VERSION "1.9.3"
| #define STDC_HEADERS 1
| #define HAVE_SYS_TYPES_H 1
| #define HAVE_SYS_STAT_H 1
| #define HAVE_STDLIB_H 1
| #define HAVE_STRING_H 1
| #define HAVE_MEMORY_H 1
| #define HAVE_STRINGS_H 1
| #define HAVE_INTTYPES_H 1
| #define HAVE_STDINT_H 1
| #define HAVE_UNISTD_H 1
| #define HAVE_DLFCN_H 1
| #define LT_OBJDIR ".libs/"
| /* end confdefs.h.  */
| #include <CoreFoundation/CFLocale.h>
| int
| main ()
| {
| CFLocaleCopyCurrent();
|   ;
|   return 0;
| }
configure:17585: result: no
configure:17634: checking for GNU gettext in libc
configure:17658: g++ -o conftest -g -O2   conftest.cpp  >&5
configure:17658: $? = 0
configure:17667: result: yes
configure:18504: checking whether to use NLS
configure:18506: result: yes
configure:18509: checking where the gettext function comes from
configure:18520: result: libc
configure:18587: checking whether g++ supports C++11 features by default
configure:18881: g++ -c -g -O2  conftest.cpp >&5
configure:18881: $? = 0
configure:18888: result: yes
configure:19564: checking CXXFLAGS for maximum warnings
configure:19584: g++ -c -g -O2 -warn all  -warn all  conftest.cpp >&5
g++: error: unrecognized command-line option '-warn'; did you mean '--warn-'?
g++: error: unrecognized command-line option '-warn'; did you mean '--warn-'?
configure:19584: $? = 1
configure: failed program was:
| /* confdefs.h */
| #define PACKAGE_NAME "libfswatch"
| #define PACKAGE_TARNAME "libfswatch"
| #define PACKAGE_VERSION "1.9.3"
| #define PACKAGE_STRING "libfswatch 1.9.3"
| #define PACKAGE_BUGREPORT "enrico.m.crisostomo@gmail.com"
| #define PACKAGE_URL "https://github.com/emcrisostomo/fswatch"
| #define PACKAGE "libfswatch"
| #define VERSION "1.9.3"
| #define STDC_HEADERS 1
| #define HAVE_SYS_TYPES_H 1
| #define HAVE_SYS_STAT_H 1
| #define HAVE_STDLIB_H 1
| #define HAVE_STRING_H 1
| #define HAVE_MEMORY_H 1
| #define HAVE_STRINGS_H 1
| #define HAVE_INTTYPES_H 1
| #define HAVE_STDINT_H 1
| #define HAVE_UNISTD_H 1
| #define HAVE_DLFCN_H 1
| #define LT_OBJDIR ".libs/"
| #define ENABLE_NLS 1
| #define HAVE_GETTEXT 1
| #define HAVE_DCGETTEXT 1
| #define HAVE_CXX11 1
| /* end confdefs.h.  */
| 
| int
| main ()
| {
| 
|   ;
|   return 0;
| }
configure:19584: g++ -c -g -O2 -pedantic  -Wall  conftest.cpp >&5
configure:19584: $? = 0
configure:19592: result: -Wall
configure:19609: : CXXFLAGS="$CXXFLAGS $ac_cv_cxxflags_warn_all"
configure:19612: $? = 0
configure:19632: checking for pthread_create in -lpthread
configure:19657: g++ -o conftest -g -O2 -Wall   conftest.cpp -lpthread   >&5
configure:19657: $? = 0
configure:19666: result: yes
configure:19681: checking cstdlib usability
configure:19681: g++ -c -g -O2 -Wall  conftest.cpp >&5
configure:19681: $? = 0
configure:19681: result: yes
configure:19681: checking cstdlib presence
configure:19681: g++ -E  conftest.cpp
configure:19681: $? = 0
configure:19681: result: yes
configure:19681: checking for cstdlib
configure:19681: result: yes
configure:19695: checking for unistd.h
configure:19695: result: yes
configure:19709: checking fcntl.h usability
configure:19709: g++ -c -g -O2 -Wall  conftest.cpp >&5
configure:19709: $? = 0
configure:19709: result: yes
configure:19709: checking fcntl.h presence
configure:19709: g++ -E  conftest.cpp
configure:19709: $? = 0
configure:19709: result: yes
configure:19709: checking for fcntl.h
configure:19709: result: yes
configure:19726: checking unordered_map usability
configure:19726: g++ -c -g -O2 -Wall  conftest.cpp >&5
configure:19726: $? = 0
configure:19726: result: yes
configure:19726: checking unordered_map presence
configure:19726: g++ -E  conftest.cpp
configure:19726: $? = 0
configure:19726: result: yes
configure:19726: checking for unordered_map
configure:19726: result: yes
configure:19726: checking unordered_set usability
configure:19726: g++ -c -g -O2 -Wall  conftest.cpp >&5
configure:19726: $? = 0
configure:19726: result: yes
configure:19726: checking unordered_set presence
configure:19726: g++ -E  conftest.cpp
configure:19726: $? = 0
configure:19726: result: yes
configure:19726: checking for unordered_set
configure:19726: result: yes
configure:19743: checking CoreServices/CoreServices.h usability
configure:19743: g++ -c -g -O2 -Wall  conftest.cpp >&5
conftest.cpp:66:10: fatal error: CoreServices/CoreServices.h: No such file or directory
   66 | #include <CoreServices/CoreServices.h>
      |          ^~~~~~~~~~~~~~~~~~~~~~~~~~~~~
compilation terminated.
configure:19743: $? = 1
configure: failed program was:
| /* confdefs.h */
| #define PACKAGE_NAME "libfswatch"
| #define PACKAGE_TARNAME "libfswatch"
| #define PACKAGE_VERSION "1.9.3"
| #define PACKAGE_STRING "libfswatch 1.9.3"
| #define PACKAGE_BUGREPORT "enrico.m.crisostomo@gmail.com"
| #define PACKAGE_URL "https://github.com/emcrisostomo/fswatch"
| #define PACKAGE "libfswatch"
| #define VERSION "1.9.3"
| #define STDC_HEADERS 1
| #define HAVE_SYS_TYPES_H 1
| #define HAVE_SYS_STAT_H 1
| #define HAVE_STDLIB_H 1
| #define HAVE_STRING_H 1
| #define HAVE_MEMORY_H 1
| #define HAVE_STRINGS_H 1
| #define HAVE_INTTYPES_H 1
| #define HAVE_STDINT_H 1
| #define HAVE_UNISTD_H 1
| #define HAVE_DLFCN_H 1
| #define LT_OBJDIR ".libs/"
| #define ENABLE_NLS 1
| #define HAVE_GETTEXT 1
| #define HAVE_DCGETTEXT 1
| #define HAVE_CXX11 1
| #define HAVE_LIBPTHREAD 1
| #define HAVE_CSTDLIB 1
| #define HAVE_UNISTD_H 1
| #define HAVE_FCNTL_H 1
| #define HAVE_UNORDERED_MAP 1
| #define HAVE_UNORDERED_SET 1
| /* end confdefs.h.  */
| #include <stdio.h>
| #ifdef HAVE_SYS_TYPES_H
| # include <sys/types.h>
| #endif
| #ifdef HAVE_SYS_STAT_H
| # include <sys/stat.h>
| #endif
| #ifdef STDC_HEADERS
| # include <stdlib.h>
| # include <stddef.h>
| #else
| # ifdef HAVE_STDLIB_H
| #  include <stdlib.h>
| # endif
| #endif
| #ifdef HAVE_STRING_H
| # if !defined STDC_HEADERS && defined HAVE_MEMORY_H
| #  include <memory.h>
| # endif
| # include <string.h>
| #endif
| #ifdef HAVE_STRINGS_H
| # include <strings.h>
| #endif
| #ifdef HAVE_INTTYPES_H
| # include <inttypes.h>
| #endif
| #ifdef HAVE_STDINT_H
| # include <stdint.h>
| #endif
| #ifdef HAVE_UNISTD_H
| # include <unistd.h>
| #endif
| #include <CoreServices/CoreServices.h>
configure:19743: result: no
configure:19743: checking CoreServices/CoreServices.h presence
configure:19743: g++ -E  conftest.cpp
conftest.cpp:33:10: fatal error: CoreServices/CoreServices.h: No such file or directory
   33 | #include <CoreServices/CoreServices.h>
      |          ^~~~~~~~~~~~~~~~~~~~~~~~~~~~~
compilation terminated.
configure:19743: $? = 1
configure: failed program was:
| /* confdefs.h */
| #define PACKAGE_NAME "libfswatch"
| #define PACKAGE_TARNAME "libfswatch"
| #define PACKAGE_VERSION "1.9.3"
| #define PACKAGE_STRING "libfswatch 1.9.3"
| #define PACKAGE_BUGREPORT "enrico.m.crisostomo@gmail.com"
| #define PACKAGE_URL "https://github.com/emcrisostomo/fswatch"
| #define PACKAGE "libfswatch"
| #define VERSION "1.9.3"
| #define STDC_HEADERS 1
| #define HAVE_SYS_TYPES_H 1
| #define HAVE_SYS_STAT_H 1
| #define HAVE_STDLIB_H 1
| #define HAVE_STRING_H 1
| #define HAVE_MEMORY_H 1
| #define HAVE_STRINGS_H 1
| #define HAVE_INTTYPES_H 1
| #define HAVE_STDINT_H 1
| #define HAVE_UNISTD_H 1
| #define HAVE_DLFCN_H 1
| #define LT_OBJDIR ".libs/"
| #define ENABLE_NLS 1
| #define HAVE_GETTEXT 1
| #define HAVE_DCGETTEXT 1
| #define HAVE_CXX11 1
| #define HAVE_LIBPTHREAD 1
| #define HAVE_CSTDLIB 1
| #define HAVE_UNISTD_H 1
| #define HAVE_FCNTL_H 1
| #define HAVE_UNORDERED_MAP 1
| #define HAVE_UNORDERED_SET 1
| /* end confdefs.h.  */
| #include <CoreServices/CoreServices.h>
configure:19743: result: no
configure:19743: checking for CoreServices/CoreServices.h
configure:19743: result: no
configure:19814: checking sys/event.h usability
configure:19814: g++ -c -g -O2 -Wall  conftest.cpp >&5
conftest.cpp:66:10: fatal error: sys/event.h: No such file or directory
   66 | #include <sys/event.h>
      |          ^~~~~~~~~~~~~
compilation terminated.
configure:19814: $? = 1
configure: failed program was:
| /* confdefs.h */
| #define PACKAGE_NAME "libfswatch"
| #define PACKAGE_TARNAME "libfswatch"
| #define PACKAGE_VERSION "1.9.3"
| #define PACKAGE_STRING "libfswatch 1.9.3"
| #define PACKAGE_BUGREPORT "enrico.m.crisostomo@gmail.com"
| #define PACKAGE_URL "https://github.com/emcrisostomo/fswatch"
| #define PACKAGE "libfswatch"
| #define VERSION "1.9.3"
| #define STDC_HEADERS 1
| #define HAVE_SYS_TYPES_H 1
| #define HAVE_SYS_STAT_H 1
| #define HAVE_STDLIB_H 1
| #define HAVE_STRING_H 1
| #define HAVE_MEMORY_H 1
| #define HAVE_STRINGS_H 1
| #define HAVE_INTTYPES_H 1
| #define HAVE_STDINT_H 1
| #define HAVE_UNISTD_H 1
| #define HAVE_DLFCN_H 1
| #define LT_OBJDIR ".libs/"
| #define ENABLE_NLS 1
| #define HAVE_GETTEXT 1
| #define HAVE_DCGETTEXT 1
| #define HAVE_CXX11 1
| #define HAVE_LIBPTHREAD 1
| #define HAVE_CSTDLIB 1
| #define HAVE_UNISTD_H 1
| #define HAVE_FCNTL_H 1
| #define HAVE_UNORDERED_MAP 1
| #define HAVE_UNORDERED_SET 1
| /* end confdefs.h.  */
| #include <stdio.h>
| #ifdef HAVE_SYS_TYPES_H
| # include <sys/types.h>
| #endif
| #ifdef HAVE_SYS_STAT_H
| # include <sys/stat.h>
| #endif
| #ifdef STDC_HEADERS
| # include <stdlib.h>
| # include <stddef.h>
| #else
| # ifdef HAVE_STDLIB_H
| #  include <stdlib.h>
| # endif
| #endif
| #ifdef HAVE_STRING_H
| # if !defined STDC_HEADERS && defined HAVE_MEMORY_H
| #  include <memory.h>
| # endif
| # include <string.h>
| #endif
| #ifdef HAVE_STRINGS_H
| # include <strings.h>
| #endif
| #ifdef HAVE_INTTYPES_H
| # include <inttypes.h>
| #endif
| #ifdef HAVE_STDINT_H
| # include <stdint.h>
| #endif
| #ifdef HAVE_UNISTD_H
| # include <unistd.h>
| #endif
| #include <sys/event.h>
configure:19814: result: no
configure:19814: checking sys/event.h presence
configure:19814: g++ -E  conftest.cpp
conftest.cpp:33:10: fatal error: sys/event.h: No such file or directory
   33 | #include <sys/event.h>
      |          ^~~~~~~~~~~~~
compilation terminated.
configure:19814: $? = 1
configure: failed program was:
| /* confdefs.h */
| #define PACKAGE_NAME "libfswatch"
| #define PACKAGE_TARNAME "libfswatch"
| #define PACKAGE_VERSION "1.9.3"
| #define PACKAGE_STRING "libfswatch 1.9.3"
| #define PACKAGE_BUGREPORT "enrico.m.crisostomo@gmail.com"
| #define PACKAGE_URL "https://github.com/emcrisostomo/fswatch"
| #define PACKAGE "libfswatch"
| #define VERSION "1.9.3"
| #define STDC_HEADERS 1
| #define HAVE_SYS_TYPES_H 1
| #define HAVE_SYS_STAT_H 1
| #define HAVE_STDLIB_H 1
| #define HAVE_STRING_H 1
| #define HAVE_MEMORY_H 1
| #define HAVE_STRINGS_H 1
| #define HAVE_INTTYPES_H 1
| #define HAVE_STDINT_H 1
| #define HAVE_UNISTD_H 1
| #define HAVE_DLFCN_H 1
| #define LT_OBJDIR ".libs/"
| #define ENABLE_NLS 1
| #define HAVE_GETTEXT 1
| #define HAVE_DCGETTEXT 1
| #define HAVE_CXX11 1
| #define HAVE_LIBPTHREAD 1
| #define HAVE_CSTDLIB 1
| #define HAVE_UNISTD_H 1
| #define HAVE_FCNTL_H 1
| #define HAVE_UNORDERED_MAP 1
| #define HAVE_UNORDERED_SET 1
| /* end confdefs.h.  */
| #include <sys/event.h>
configure:19814: result: no
configure:19814: checking for sys/event.h
configure:19814: result: no
configure:19934: checking port.h usability
configure:19934: g++ -c -g -O2 -Wall  conftest.cpp >&5
conftest.cpp:66:10: fatal error: port.h: No such file or directory
   66 | #include <port.h>
      |          ^~~~~~~~
compilation terminated.
configure:19934: $? = 1
configure: failed program was:
| /* confdefs.h */
| #define PACKAGE_NAME "libfswatch"
| #define PACKAGE_TARNAME "libfswatch"
| #define PACKAGE_VERSION "1.9.3"
| #define PACKAGE_STRING "libfswatch 1.9.3"
| #define PACKAGE_BUGREPORT "enrico.m.crisostomo@gmail.com"
| #define PACKAGE_URL "https://github.com/emcrisostomo/fswatch"
| #define PACKAGE "libfswatch"
| #define VERSION "1.9.3"
| #define STDC_HEADERS 1
| #define HAVE_SYS_TYPES_H 1
| #define HAVE_SYS_STAT_H 1
| #define HAVE_STDLIB_H 1
| #define HAVE_STRING_H 1
| #define HAVE_MEMORY_H 1
| #define HAVE_STRINGS_H 1
| #define HAVE_INTTYPES_H 1
| #define HAVE_STDINT_H 1
| #define HAVE_UNISTD_H 1
| #define HAVE_DLFCN_H 1
| #define LT_OBJDIR ".libs/"
| #define ENABLE_NLS 1
| #define HAVE_GETTEXT 1
| #define HAVE_DCGETTEXT 1
| #define HAVE_CXX11 1
| #define HAVE_LIBPTHREAD 1
| #define HAVE_CSTDLIB 1
| #define HAVE_UNISTD_H 1
| #define HAVE_FCNTL_H 1
| #define HAVE_UNORDERED_MAP 1
| #define HAVE_UNORDERED_SET 1
| /* end confdefs.h.  */
| #include <stdio.h>
| #ifdef HAVE_SYS_TYPES_H
| # include <sys/types.h>
| #endif
| #ifdef HAVE_SYS_STAT_H
| # include <sys/stat.h>
| #endif
| #ifdef STDC_HEADERS
| # include <stdlib.h>
| # include <stddef.h>
| #else
| # ifdef HAVE_STDLIB_H
| #  include <stdlib.h>
| # endif
| #endif
| #ifdef HAVE_STRING_H
| # if !defined STDC_HEADERS && defined HAVE_MEMORY_H
| #  include <memory.h>
| # endif
| # include <string.h>
| #endif
| #ifdef HAVE_STRINGS_H
| # include <strings.h>
| #endif
| #ifdef HAVE_INTTYPES_H
| # include <inttypes.h>
| #endif
| #ifdef HAVE_STDINT_H
| # include <stdint.h>
| #endif
| #ifdef HAVE_UNISTD_H
| # include <unistd.h>
| #endif
| #include <port.h>
configure:19934: result: no
configure:19934: checking port.h presence
configure:19934: g++ -E  conftest.cpp
conftest.cpp:33:10: fatal error: port.h: No such file or directory
   33 | #include <port.h>
      |          ^~~~~~~~
compilation terminated.
configure:19934: $? = 1
configure: failed program was:
| /* confdefs.h */
| #define PACKAGE_NAME "libfswatch"
| #define PACKAGE_TARNAME "libfswatch"
| #define PACKAGE_VERSION "1.9.3"
| #define PACKAGE_STRING "libfswatch 1.9.3"
| #define PACKAGE_BUGREPORT "enrico.m.crisostomo@gmail.com"
| #define PACKAGE_URL "https://github.com/emcrisostomo/fswatch"
| #define PACKAGE "libfswatch"
| #define VERSION "1.9.3"
| #define STDC_HEADERS 1
| #define HAVE_SYS_TYPES_H 1
| #define HAVE_SYS_STAT_H 1
| #define HAVE_STDLIB_H 1
| #define HAVE_STRING_H 1
| #define HAVE_MEMORY_H 1
| #define HAVE_STRINGS_H 1
| #define HAVE_INTTYPES_H 1
| #define HAVE_STDINT_H 1
| #define HAVE_UNISTD_H 1
| #define HAVE_DLFCN_H 1
| #define LT_OBJDIR ".libs/"
| #define ENABLE_NLS 1
| #define HAVE_GETTEXT 1
| #define HAVE_DCGETTEXT 1
| #define HAVE_CXX11 1
| #define HAVE_LIBPTHREAD 1
| #define HAVE_CSTDLIB 1
| #define HAVE_UNISTD_H 1
| #define HAVE_FCNTL_H 1
| #define HAVE_UNORDERED_MAP 1
| #define HAVE_UNORDERED_SET 1
| /* end confdefs.h.  */
| #include <port.h>
configure:19934: result: no
configure:19934: checking for port.h
configure:19934: result: no
configure:20030: checking sys/inotify.h usability
configure:20030: g++ -c -g -O2 -Wall  conftest.cpp >&5
configure:20030: $? = 0
configure:20030: result: yes
configure:20030: checking sys/inotify.h presence
configure:20030: g++ -E  conftest.cpp
configure:20030: $? = 0
configure:20030: result: yes
configure:20030: checking for sys/inotify.h
configure:20030: result: yes
configure:20043: checking whether inotify_init is declared
configure:20043: g++ -c -g -O2 -Wall  conftest.cpp >&5
configure:20043: $? = 0
configure:20043: result: yes
configure:20063: checking whether inotify_add_watch is declared
configure:20063: g++ -c -g -O2 -Wall  conftest.cpp >&5
configure:20063: $? = 0
configure:20063: result: yes
configure:20083: checking whether inotify_rm_watch is declared
configure:20083: g++ -c -g -O2 -Wall  conftest.cpp >&5
configure:20083: $? = 0
configure:20083: result: yes
configure:20104: checking for inotify_init in -lc
configure:20129: g++ -o conftest -g -O2 -Wall   conftest.cpp -lc  -lpthread  >&5
configure:20129: $? = 0
configure:20138: result: yes
configure:20167: checking windows.h usability
configure:20167: g++ -c -g -O2 -Wall  conftest.cpp >&5
conftest.cpp:71:10: fatal error: windows.h: No such file or directory
   71 | #include <windows.h>
      |          ^~~~~~~~~~~
compilation terminated.
configure:20167: $? = 1
configure: failed program was:
| /* confdefs.h */
| #define PACKAGE_NAME "libfswatch"
| #define PACKAGE_TARNAME "libfswatch"
| #define PACKAGE_VERSION "1.9.3"
| #define PACKAGE_STRING "libfswatch 1.9.3"
| #define PACKAGE_BUGREPORT "enrico.m.crisostomo@gmail.com"
| #define PACKAGE_URL "https://github.com/emcrisostomo/fswatch"
| #define PACKAGE "libfswatch"
| #define VERSION "1.9.3"
| #define STDC_HEADERS 1
| #define HAVE_SYS_TYPES_H 1
| #define HAVE_SYS_STAT_H 1
| #define HAVE_STDLIB_H 1
| #define HAVE_STRING_H 1
| #define HAVE_MEMORY_H 1
| #define HAVE_STRINGS_H 1
| #define HAVE_INTTYPES_H 1
| #define HAVE_STDINT_H 1
| #define HAVE_UNISTD_H 1
| #define HAVE_DLFCN_H 1
| #define LT_OBJDIR ".libs/"
| #define ENABLE_NLS 1
| #define HAVE_GETTEXT 1
| #define HAVE_DCGETTEXT 1
| #define HAVE_CXX11 1
| #define HAVE_LIBPTHREAD 1
| #define HAVE_CSTDLIB 1
| #define HAVE_UNISTD_H 1
| #define HAVE_FCNTL_H 1
| #define HAVE_UNORDERED_MAP 1
| #define HAVE_UNORDERED_SET 1
| #define HAVE_SYS_INOTIFY_H 1
| #define HAVE_DECL_INOTIFY_INIT 1
| #define HAVE_DECL_INOTIFY_ADD_WATCH 1
| #define HAVE_DECL_INOTIFY_RM_WATCH 1
| #define HAVE_LIBC 1
| /* end confdefs.h.  */
| #include <stdio.h>
| #ifdef HAVE_SYS_TYPES_H
| # include <sys/types.h>
| #endif
| #ifdef HAVE_SYS_STAT_H
| # include <sys/stat.h>
| #endif
| #ifdef STDC_HEADERS
| # include <stdlib.h>
| # include <stddef.h>
| #else
| # ifdef HAVE_STDLIB_H
| #  include <stdlib.h>
| # endif
| #endif
| #ifdef HAVE_STRING_H
| # if !defined STDC_HEADERS && defined HAVE_MEMORY_H
| #  include <memory.h>
| # endif
| # include <string.h>
| #endif
| #ifdef HAVE_STRINGS_H
| # include <strings.h>
| #endif
| #ifdef HAVE_INTTYPES_H
| # include <inttypes.h>
| #endif
| #ifdef HAVE_STDINT_H
| # include <stdint.h>
| #endif
| #ifdef HAVE_UNISTD_H
| # include <unistd.h>
| #endif
| #include <windows.h>
configure:20167: result: no
configure:20167: checking windows.h presence
configure:20167: g++ -E  conftest.cpp
conftest.cpp:38:10: fatal error: windows.h: No such file or directory
   38 | #include <windows.h>
      |          ^~~~~~~~~~~
compilation terminated.
configure:20167: $? = 1
configure: failed program was:
| /* confdefs.h */
| #define PACKAGE_NAME "libfswatch"
| #define PACKAGE_TARNAME "libfswatch"
| #define PACKAGE_VERSION "1.9.3"
| #define PACKAGE_STRING "libfswatch 1.9.3"
| #define PACKAGE_BUGREPORT "enrico.m.crisostomo@gmail.com"
| #define PACKAGE_URL "https://github.com/emcrisostomo/fswatch"
| #define PACKAGE "libfswatch"
| #define VERSION "1.9.3"
| #define STDC_HEADERS 1
| #define HAVE_SYS_TYPES_H 1
| #define HAVE_SYS_STAT_H 1
| #define HAVE_STDLIB_H 1
| #define HAVE_STRING_H 1
| #define HAVE_MEMORY_H 1
| #define HAVE_STRINGS_H 1
| #define HAVE_INTTYPES_H 1
| #define HAVE_STDINT_H 1
| #define HAVE_UNISTD_H 1
| #define HAVE_DLFCN_H 1
| #define LT_OBJDIR ".libs/"
| #define ENABLE_NLS 1
| #define HAVE_GETTEXT 1
| #define HAVE_DCGETTEXT 1
| #define HAVE_CXX11 1
| #define HAVE_LIBPTHREAD 1
| #define HAVE_CSTDLIB 1
| #define HAVE_UNISTD_H 1
| #define HAVE_FCNTL_H 1
| #define HAVE_UNORDERED_MAP 1
| #define HAVE_UNORDERED_SET 1
| #define HAVE_SYS_INOTIFY_H 1
| #define HAVE_DECL_INOTIFY_INIT 1
| #define HAVE_DECL_INOTIFY_ADD_WATCH 1
| #define HAVE_DECL_INOTIFY_RM_WATCH 1
| #define HAVE_LIBC 1
| /* end confdefs.h.  */
| #include <windows.h>
configure:20167: result: no
configure:20167: checking for windows.h
configure:20167: result: no
configure:20366: checking mutex usability
configure:20366: g++ -c -g -O2 -Wall  conftest.cpp >&5
configure:20366: $? = 0
configure:20366: result: yes
configure:20366: checking mutex presence
configure:20366: g++ -E  conftest.cpp
configure:20366: $? = 0
configure:20366: result: yes
configure:20366: checking for mutex
configure:20366: result: yes
configure:20382: checking atomic usability
configure:20382: g++ -c -g -O2 -Wall  conftest.cpp >&5
configure:20382: $? = 0
configure:20382: result: yes
configure:20382: checking atomic presence
configure:20382: g++ -E  conftest.cpp
configure:20382: $? = 0
configure:20382: result: yes
configure:20382: checking for atomic
configure:20382: result: yes
configure:20399: checking for stdbool.h that conforms to C99
configure:20466: g++ -c -g -O2 -Wall  conftest.cpp >&5
conftest.cpp:43:15: error: expected unqualified-id before string constant
   43 |               "error: bool is not defined"
      |               ^~~~~~~~~~~~~~~~~~~~~~~~~~~~
conftest.cpp:61:48: error: 's' does not name a type
   61 |              struct s { _Bool s: 1; _Bool t; } s;
      |                                                ^
conftest.cpp:71:28: error: 's' was not declared in this scope
   71 |              char i[sizeof s.t];
      |                            ^
conftest.cpp: In function 'int main()':
conftest.cpp:89:24: error: 's' was not declared in this scope
   89 |              bool e = &s;
      |                        ^
conftest.cpp:93:63: error: 'i' was not declared in this scope
   93 |              return (!a + !b + !c + !d + !e + !f + !g + !h + !i + !!j + !k + !!l
      |                                                               ^
conftest.cpp:94:25: warning: enum constant in boolean context [-Wint-in-bool-context]
   94 |                      + !m + !n + !o + !p + !q + !pq);
      |                         ^
configure:20466: $? = 1
configure: failed program was:
| /* confdefs.h */
| #define PACKAGE_NAME "libfswatch"
| #define PACKAGE_TARNAME "libfswatch"
| #define PACKAGE_VERSION "1.9.3"
| #define PACKAGE_STRING "libfswatch 1.9.3"
| #define PACKAGE_BUGREPORT "enrico.m.crisostomo@gmail.com"
| #define PACKAGE_URL "https://github.com/emcrisostomo/fswatch"
| #define PACKAGE "libfswatch"
| #define VERSION "1.9.3"
| #define STDC_HEADERS 1
| #define HAVE_SYS_TYPES_H 1
| #define HAVE_SYS_STAT_H 1
| #define HAVE_STDLIB_H 1
| #define HAVE_STRING_H 1
| #define HAVE_MEMORY_H 1
| #define HAVE_STRINGS_H 1
| #define HAVE_INTTYPES_H 1
| #define HAVE_STDINT_H 1
| #define HAVE_UNISTD_H 1
| #define HAVE_DLFCN_H 1
| #define LT_OBJDIR ".libs/"
| #define ENABLE_NLS 1
| #define HAVE_GETTEXT 1
| #define HAVE_DCGETTEXT 1
| #define HAVE_CXX11 1
| #define HAVE_LIBPTHREAD 1
| #define HAVE_CSTDLIB 1
| #define HAVE_UNISTD_H 1
| #define HAVE_FCNTL_H 1
| #define HAVE_UNORDERED_MAP 1
| #define HAVE_UNORDERED_SET 1
| #define HAVE_SYS_INOTIFY_H 1
| #define HAVE_DECL_INOTIFY_INIT 1
| #define HAVE_DECL_INOTIFY_ADD_WATCH 1
| #define HAVE_DECL_INOTIFY_RM_WATCH 1
| #define HAVE_LIBC 1
| #define HAVE_CXX_MUTEX 1
| #define HAVE_CXX_ATOMIC 1
| /* end confdefs.h.  */
| 
|              #include <stdbool.h>
|              #ifndef bool
|               "error: bool is not defined"
|              #endif
|              #ifndef false
|               "error: false is not defined"
|              #endif
|              #if false
|               "error: false is not 0"
|              #endif
|              #ifndef true
|               "error: true is not defined"
|              #endif
|              #if true != 1
|               "error: true is not 1"
|              #endif
|              #ifndef __bool_true_false_are_defined
|               "error: __bool_true_false_are_defined is not defined"
|              #endif
| 
|              struct s { _Bool s: 1; _Bool t; } s;
| 
|              char a[true == 1 ? 1 : -1];
|              char b[false == 0 ? 1 : -1];
|              char c[__bool_true_false_are_defined == 1 ? 1 : -1];
|              char d[(bool) 0.5 == true ? 1 : -1];
|              /* See body of main program for 'e'.  */
|              char f[(_Bool) 0.0 == false ? 1 : -1];
|              char g[true];
|              char h[sizeof (_Bool)];
|              char i[sizeof s.t];
|              enum { j = false, k = true, l = false * true, m = true * 256 };
|              /* The following fails for
|                 HP aC++/ANSI C B3910B A.05.55 [Dec 04 2003]. */
|              _Bool n[m];
|              char o[sizeof n == m * sizeof n[0] ? 1 : -1];
|              char p[-1 - (_Bool) 0 < 0 && -1 - (bool) 0 < 0 ? 1 : -1];
|              /* Catch a bug in an HP-UX C compiler.  See
|                 http://gcc.gnu.org/ml/gcc-patches/2003-12/msg02303.html
|                 http://lists.gnu.org/archive/html/bug-coreutils/2005-11/msg00161.html
|               */
|              _Bool q = true;
|              _Bool *pq = &q;
| 
| int
| main ()
| {
| 
|              bool e = &s;
|              *pq |= q;
|              *pq |= ! q;
|              /* Refer to every declared value, to avoid compiler optimizations.  */
|              return (!a + !b + !c + !d + !e + !f + !g + !h + !i + !!j + !k + !!l
|                      + !m + !n + !o + !p + !q + !pq);
| 
|   ;
|   return 0;
| }
configure:20473: result: no
configure:20475: checking for _Bool
configure:20475: g++ -c -g -O2 -Wall  conftest.cpp >&5
conftest.cpp: In function 'int main()':
conftest.cpp:76:13: error: '_Bool' was not declared in this scope
   76 | if (sizeof (_Bool))
      |             ^~~~~
configure:20475: $? = 1
configure: failed program was:
| /* confdefs.h */
| #define PACKAGE_NAME "libfswatch"
| #define PACKAGE_TARNAME "libfswatch"
| #define PACKAGE_VERSION "1.9.3"
| #define PACKAGE_STRING "libfswatch 1.9.3"
| #define PACKAGE_BUGREPORT "enrico.m.crisostomo@gmail.com"
| #define PACKAGE_URL "https://github.com/emcrisostomo/fswatch"
| #define PACKAGE "libfswatch"
| #define VERSION "1.9.3"
| #define STDC_HEADERS 1
| #define HAVE_SYS_TYPES_H 1
| #define HAVE_SYS_STAT_H 1
| #define HAVE_STDLIB_H 1
| #define HAVE_STRING_H 1
| #define HAVE_MEMORY_H 1
| #define HAVE_STRINGS_H 1
| #define HAVE_INTTYPES_H 1
| #define HAVE_STDINT_H 1
| #define HAVE_UNISTD_H 1
| #define HAVE_DLFCN_H 1
| #define LT_OBJDIR ".libs/"
| #define ENABLE_NLS 1
| #define HAVE_GETTEXT 1
| #define HAVE_DCGETTEXT 1
| #define HAVE_CXX11 1
| #define HAVE_LIBPTHREAD 1
| #define HAVE_CSTDLIB 1
| #define HAVE_UNISTD_H 1
| #define HAVE_FCNTL_H 1
| #define HAVE_UNORDERED_MAP 1
| #define HAVE_UNORDERED_SET 1
| #define HAVE_SYS_INOTIFY_H 1
| #define HAVE_DECL_INOTIFY_INIT 1
| #define HAVE_DECL_INOTIFY_ADD_WATCH 1
| #define HAVE_DECL_INOTIFY_RM_WATCH 1
| #define HAVE_LIBC 1
| #define HAVE_CXX_MUTEX 1
| #define HAVE_CXX_ATOMIC 1
| /* end confdefs.h.  */
| #include <stdio.h>
| #ifdef HAVE_SYS_TYPES_H
| # include <sys/types.h>
| #endif
| #ifdef HAVE_SYS_STAT_H
| # include <sys/stat.h>
| #endif
| #ifdef STDC_HEADERS
| # include <stdlib.h>
| # include <stddef.h>
| #else
| # ifdef HAVE_STDLIB_H
| #  include <stdlib.h>
| # endif
| #endif
| #ifdef HAVE_STRING_H
| # if !defined STDC_HEADERS && defined HAVE_MEMORY_H
| #  include <memory.h>
| # endif
| # include <string.h>
| #endif
| #ifdef HAVE_STRINGS_H
| # include <strings.h>
| #endif
| #ifdef HAVE_INTTYPES_H
| # include <inttypes.h>
| #endif
| #ifdef HAVE_STDINT_H
| # include <stdint.h>
| #endif
| #ifdef HAVE_UNISTD_H
| # include <unistd.h>
| #endif
| int
| main ()
| {
| if (sizeof (_Bool))
| 	 return 0;
|   ;
|   return 0;
| }
configure:20475: result: no
configure:20486: checking for size_t
configure:20486: g++ -c -g -O2 -Wall  conftest.cpp >&5
configure:20486: $? = 0
configure:20486: g++ -c -g -O2 -Wall  conftest.cpp >&5
conftest.cpp: In function 'int main()':
conftest.cpp:76:20: error: expected primary-expression before ')' token
   76 | if (sizeof ((size_t)))
      |                    ^
configure:20486: $? = 1
configure: failed program was:
| /* confdefs.h */
| #define PACKAGE_NAME "libfswatch"
| #define PACKAGE_TARNAME "libfswatch"
| #define PACKAGE_VERSION "1.9.3"
| #define PACKAGE_STRING "libfswatch 1.9.3"
| #define PACKAGE_BUGREPORT "enrico.m.crisostomo@gmail.com"
| #define PACKAGE_URL "https://github.com/emcrisostomo/fswatch"
| #define PACKAGE "libfswatch"
| #define VERSION "1.9.3"
| #define STDC_HEADERS 1
| #define HAVE_SYS_TYPES_H 1
| #define HAVE_SYS_STAT_H 1
| #define HAVE_STDLIB_H 1
| #define HAVE_STRING_H 1
| #define HAVE_MEMORY_H 1
| #define HAVE_STRINGS_H 1
| #define HAVE_INTTYPES_H 1
| #define HAVE_STDINT_H 1
| #define HAVE_UNISTD_H 1
| #define HAVE_DLFCN_H 1
| #define LT_OBJDIR ".libs/"
| #define ENABLE_NLS 1
| #define HAVE_GETTEXT 1
| #define HAVE_DCGETTEXT 1
| #define HAVE_CXX11 1
| #define HAVE_LIBPTHREAD 1
| #define HAVE_CSTDLIB 1
| #define HAVE_UNISTD_H 1
| #define HAVE_FCNTL_H 1
| #define HAVE_UNORDERED_MAP 1
| #define HAVE_UNORDERED_SET 1
| #define HAVE_SYS_INOTIFY_H 1
| #define HAVE_DECL_INOTIFY_INIT 1
| #define HAVE_DECL_INOTIFY_ADD_WATCH 1
| #define HAVE_DECL_INOTIFY_RM_WATCH 1
| #define HAVE_LIBC 1
| #define HAVE_CXX_MUTEX 1
| #define HAVE_CXX_ATOMIC 1
| /* end confdefs.h.  */
| #include <stdio.h>
| #ifdef HAVE_SYS_TYPES_H
| # include <sys/types.h>
| #endif
| #ifdef HAVE_SYS_STAT_H
| # include <sys/stat.h>
| #endif
| #ifdef STDC_HEADERS
| # include <stdlib.h>
| # include <stddef.h>
| #else
| # ifdef HAVE_STDLIB_H
| #  include <stdlib.h>
| # endif
| #endif
| #ifdef HAVE_STRING_H
| # if !defined STDC_HEADERS && defined HAVE_MEMORY_H
| #  include <memory.h>
| # endif
| # include <string.h>
| #endif
| #ifdef HAVE_STRINGS_H
| # include <strings.h>
| #endif
| #ifdef HAVE_INTTYPES_H
| # include <inttypes.h>
| #endif
| #ifdef HAVE_STDINT_H
| # include <stdint.h>
| #endif
| #ifdef HAVE_UNISTD_H
| # include <unistd.h>
| #endif
| int
| main ()
| {
| if (sizeof ((size_t)))
| 	    return 0;
|   ;
|   return 0;
| }
configure:20486: result: yes
configure:20497: checking for ssize_t
configure:20497: g++ -c -g -O2 -Wall  conftest.cpp >&5
configure:20497: $? = 0
configure:20497: g++ -c -g -O2 -Wall  conftest.cpp >&5
conftest.cpp: In function 'int main()':
conftest.cpp:76:21: error: expected primary-expression before ')' token
   76 | if (sizeof ((ssize_t)))
      |                     ^
configure:20497: $? = 1
configure: failed program was:
| /* confdefs.h */
| #define PACKAGE_NAME "libfswatch"
| #define PACKAGE_TARNAME "libfswatch"
| #define PACKAGE_VERSION "1.9.3"
| #define PACKAGE_STRING "libfswatch 1.9.3"
| #define PACKAGE_BUGREPORT "enrico.m.crisostomo@gmail.com"
| #define PACKAGE_URL "https://github.com/emcrisostomo/fswatch"
| #define PACKAGE "libfswatch"
| #define VERSION "1.9.3"
| #define STDC_HEADERS 1
| #define HAVE_SYS_TYPES_H 1
| #define HAVE_SYS_STAT_H 1
| #define HAVE_STDLIB_H 1
| #define HAVE_STRING_H 1
| #define HAVE_MEMORY_H 1
| #define HAVE_STRINGS_H 1
| #define HAVE_INTTYPES_H 1
| #define HAVE_STDINT_H 1
| #define HAVE_UNISTD_H 1
| #define HAVE_DLFCN_H 1
| #define LT_OBJDIR ".libs/"
| #define ENABLE_NLS 1
| #define HAVE_GETTEXT 1
| #define HAVE_DCGETTEXT 1
| #define HAVE_CXX11 1
| #define HAVE_LIBPTHREAD 1
| #define HAVE_CSTDLIB 1
| #define HAVE_UNISTD_H 1
| #define HAVE_FCNTL_H 1
| #define HAVE_UNORDERED_MAP 1
| #define HAVE_UNORDERED_SET 1
| #define HAVE_SYS_INOTIFY_H 1
| #define HAVE_DECL_INOTIFY_INIT 1
| #define HAVE_DECL_INOTIFY_ADD_WATCH 1
| #define HAVE_DECL_INOTIFY_RM_WATCH 1
| #define HAVE_LIBC 1
| #define HAVE_CXX_MUTEX 1
| #define HAVE_CXX_ATOMIC 1
| /* end confdefs.h.  */
| #include <stdio.h>
| #ifdef HAVE_SYS_TYPES_H
| # include <sys/types.h>
| #endif
| #ifdef HAVE_SYS_STAT_H
| # include <sys/stat.h>
| #endif
| #ifdef STDC_HEADERS
| # include <stdlib.h>
| # include <stddef.h>
| #else
| # ifdef HAVE_STDLIB_H
| #  include <stdlib.h>
| # endif
| #endif
| #ifdef HAVE_STRING_H
| # if !defined STDC_HEADERS && defined HAVE_MEMORY_H
| #  include <memory.h>
| # endif
| # include <string.h>
| #endif
| #ifdef HAVE_STRINGS_H
| # include <strings.h>
| #endif
| #ifdef HAVE_INTTYPES_H
| # include <inttypes.h>
| #endif
| #ifdef HAVE_STDINT_H
| # include <stdint.h>
| #endif
| #ifdef HAVE_UNISTD_H
| # include <unistd.h>
| #endif
| int
| main ()
| {
| if (sizeof ((ssize_t)))
| 	    return 0;
|   ;
|   return 0;
| }
configure:20497: result: yes
configure:20508: checking for uint32_t
configure:20508: g++ -c -g -O2 -Wall  conftest.cpp >&5
configure:20508: $? = 0
configure:20508: result: yes
configure:20522: checking for mode_t
configure:20522: g++ -c -g -O2 -Wall  conftest.cpp >&5
configure:20522: $? = 0
configure:20522: g++ -c -g -O2 -Wall  conftest.cpp >&5
conftest.cpp: In function 'int main()':
conftest.cpp:76:20: error: expected primary-expression before ')' token
   76 | if (sizeof ((mode_t)))
      |                    ^
configure:20522: $? = 1
configure: failed program was:
| /* confdefs.h */
| #define PACKAGE_NAME "libfswatch"
| #define PACKAGE_TARNAME "libfswatch"
| #define PACKAGE_VERSION "1.9.3"
| #define PACKAGE_STRING "libfswatch 1.9.3"
| #define PACKAGE_BUGREPORT "enrico.m.crisostomo@gmail.com"
| #define PACKAGE_URL "https://github.com/emcrisostomo/fswatch"
| #define PACKAGE "libfswatch"
| #define VERSION "1.9.3"
| #define STDC_HEADERS 1
| #define HAVE_SYS_TYPES_H 1
| #define HAVE_SYS_STAT_H 1
| #define HAVE_STDLIB_H 1
| #define HAVE_STRING_H 1
| #define HAVE_MEMORY_H 1
| #define HAVE_STRINGS_H 1
| #define HAVE_INTTYPES_H 1
| #define HAVE_STDINT_H 1
| #define HAVE_UNISTD_H 1
| #define HAVE_DLFCN_H 1
| #define LT_OBJDIR ".libs/"
| #define ENABLE_NLS 1
| #define HAVE_GETTEXT 1
| #define HAVE_DCGETTEXT 1
| #define HAVE_CXX11 1
| #define HAVE_LIBPTHREAD 1
| #define HAVE_CSTDLIB 1
| #define HAVE_UNISTD_H 1
| #define HAVE_FCNTL_H 1
| #define HAVE_UNORDERED_MAP 1
| #define HAVE_UNORDERED_SET 1
| #define HAVE_SYS_INOTIFY_H 1
| #define HAVE_DECL_INOTIFY_INIT 1
| #define HAVE_DECL_INOTIFY_ADD_WATCH 1
| #define HAVE_DECL_INOTIFY_RM_WATCH 1
| #define HAVE_LIBC 1
| #define HAVE_CXX_MUTEX 1
| #define HAVE_CXX_ATOMIC 1
| /* end confdefs.h.  */
| #include <stdio.h>
| #ifdef HAVE_SYS_TYPES_H
| # include <sys/types.h>
| #endif
| #ifdef HAVE_SYS_STAT_H
| # include <sys/stat.h>
| #endif
| #ifdef STDC_HEADERS
| # include <stdlib.h>
| # include <stddef.h>
| #else
| # ifdef HAVE_STDLIB_H
| #  include <stdlib.h>
| # endif
| #endif
| #ifdef HAVE_STRING_H
| # if !defined STDC_HEADERS && defined HAVE_MEMORY_H
| #  include <memory.h>
| # endif
| # include <string.h>
| #endif
| #ifdef HAVE_STRINGS_H
| # include <strings.h>
| #endif
| #ifdef HAVE_INTTYPES_H
| # include <inttypes.h>
| #endif
| #ifdef HAVE_STDINT_H
| # include <stdint.h>
| #endif
| #ifdef HAVE_UNISTD_H
| # include <unistd.h>
| #endif
| int
| main ()
| {
| if (sizeof ((mode_t)))
| 	    return 0;
|   ;
|   return 0;
| }
configure:20522: result: yes
configure:20534: checking for struct stat.st_mtime
configure:20534: g++ -c -g -O2 -Wall  conftest.cpp >&5
configure:20534: $? = 0
configure:20534: result: yes
configure:20549: checking for struct stat.st_mtimespec
configure:20549: g++ -c -g -O2 -Wall  conftest.cpp >&5
conftest.cpp: In function 'int main()':
conftest.cpp:82:13: error: 'struct stat' has no member named 'st_mtimespec'
   82 | if (ac_aggr.st_mtimespec)
      |             ^~~~~~~~~~~~
configure:20549: $? = 1
configure: failed program was:
| /* confdefs.h */
| #define PACKAGE_NAME "libfswatch"
| #define PACKAGE_TARNAME "libfswatch"
| #define PACKAGE_VERSION "1.9.3"
| #define PACKAGE_STRING "libfswatch 1.9.3"
| #define PACKAGE_BUGREPORT "enrico.m.crisostomo@gmail.com"
| #define PACKAGE_URL "https://github.com/emcrisostomo/fswatch"
| #define PACKAGE "libfswatch"
| #define VERSION "1.9.3"
| #define STDC_HEADERS 1
| #define HAVE_SYS_TYPES_H 1
| #define HAVE_SYS_STAT_H 1
| #define HAVE_STDLIB_H 1
| #define HAVE_STRING_H 1
| #define HAVE_MEMORY_H 1
| #define HAVE_STRINGS_H 1
| #define HAVE_INTTYPES_H 1
| #define HAVE_STDINT_H 1
| #define HAVE_UNISTD_H 1
| #define HAVE_DLFCN_H 1
| #define LT_OBJDIR ".libs/"
| #define ENABLE_NLS 1
| #define HAVE_GETTEXT 1
| #define HAVE_DCGETTEXT 1
| #define HAVE_CXX11 1
| #define HAVE_LIBPTHREAD 1
| #define HAVE_CSTDLIB 1
| #define HAVE_UNISTD_H 1
| #define HAVE_FCNTL_H 1
| #define HAVE_UNORDERED_MAP 1
| #define HAVE_UNORDERED_SET 1
| #define HAVE_SYS_INOTIFY_H 1
| #define HAVE_DECL_INOTIFY_INIT 1
| #define HAVE_DECL_INOTIFY_ADD_WATCH 1
| #define HAVE_DECL_INOTIFY_RM_WATCH 1
| #define HAVE_LIBC 1
| #define HAVE_CXX_MUTEX 1
| #define HAVE_CXX_ATOMIC 1
| #define HAVE_STRUCT_STAT_ST_MTIME 1
| /* end confdefs.h.  */
| 
|     #include <stdio.h>
| #ifdef HAVE_SYS_TYPES_H
| # include <sys/types.h>
| #endif
| #ifdef HAVE_SYS_STAT_H
| # include <sys/stat.h>
| #endif
| #ifdef STDC_HEADERS
| # include <stdlib.h>
| # include <stddef.h>
| #else
| # ifdef HAVE_STDLIB_H
| #  include <stdlib.h>
| # endif
| #endif
| #ifdef HAVE_STRING_H
| # if !defined STDC_HEADERS && defined HAVE_MEMORY_H
| #  include <memory.h>
| # endif
| # include <string.h>
| #endif
| #ifdef HAVE_STRINGS_H
| # include <strings.h>
| #endif
| #ifdef HAVE_INTTYPES_H
| # include <inttypes.h>
| #endif
| #ifdef HAVE_STDINT_H
| # include <stdint.h>
| #endif
| #ifdef HAVE_UNISTD_H
| # include <unistd.h>
| #endif
|     #include <sys/stat.h>
| 
| 
| int
| main ()
| {
| static struct stat ac_aggr;
| if (ac_aggr.st_mtimespec)
| return 0;
|   ;
|   return 0;
| }
configure:20549: g++ -c -g -O2 -Wall  conftest.cpp >&5
conftest.cpp: In function 'int main()':
conftest.cpp:82:20: error: 'struct stat' has no member named 'st_mtimespec'
   82 | if (sizeof ac_aggr.st_mtimespec)
      |                    ^~~~~~~~~~~~
configure:20549: $? = 1
configure: failed program was:
| /* confdefs.h */
| #define PACKAGE_NAME "libfswatch"
| #define PACKAGE_TARNAME "libfswatch"
| #define PACKAGE_VERSION "1.9.3"
| #define PACKAGE_STRING "libfswatch 1.9.3"
| #define PACKAGE_BUGREPORT "enrico.m.crisostomo@gmail.com"
| #define PACKAGE_URL "https://github.com/emcrisostomo/fswatch"
| #define PACKAGE "libfswatch"
| #define VERSION "1.9.3"
| #define STDC_HEADERS 1
| #define HAVE_SYS_TYPES_H 1
| #define HAVE_SYS_STAT_H 1
| #define HAVE_STDLIB_H 1
| #define HAVE_STRING_H 1
| #define HAVE_MEMORY_H 1
| #define HAVE_STRINGS_H 1
| #define HAVE_INTTYPES_H 1
| #define HAVE_STDINT_H 1
| #define HAVE_UNISTD_H 1
| #define HAVE_DLFCN_H 1
| #define LT_OBJDIR ".libs/"
| #define ENABLE_NLS 1
| #define HAVE_GETTEXT 1
| #define HAVE_DCGETTEXT 1
| #define HAVE_CXX11 1
| #define HAVE_LIBPTHREAD 1
| #define HAVE_CSTDLIB 1
| #define HAVE_UNISTD_H 1
| #define HAVE_FCNTL_H 1
| #define HAVE_UNORDERED_MAP 1
| #define HAVE_UNORDERED_SET 1
| #define HAVE_SYS_INOTIFY_H 1
| #define HAVE_DECL_INOTIFY_INIT 1
| #define HAVE_DECL_INOTIFY_ADD_WATCH 1
| #define HAVE_DECL_INOTIFY_RM_WATCH 1
| #define HAVE_LIBC 1
| #define HAVE_CXX_MUTEX 1
| #define HAVE_CXX_ATOMIC 1
| #define HAVE_STRUCT_STAT_ST_MTIME 1
| /* end confdefs.h.  */
| 
|     #include <stdio.h>
| #ifdef HAVE_SYS_TYPES_H
| # include <sys/types.h>
| #endif
| #ifdef HAVE_SYS_STAT_H
| # include <sys/stat.h>
| #endif
| #ifdef STDC_HEADERS
| # include <stdlib.h>
| # include <stddef.h>
| #else
| # ifdef HAVE_STDLIB_H
| #  include <stdlib.h>
| # endif
| #endif
| #ifdef HAVE_STRING_H
| # if !defined STDC_HEADERS && defined HAVE_MEMORY_H
| #  include <memory.h>
| # endif
| # include <string.h>
| #endif
| #ifdef HAVE_STRINGS_H
| # include <strings.h>
| #endif
| #ifdef HAVE_INTTYPES_H
| # include <inttypes.h>
| #endif
| #ifdef HAVE_STDINT_H
| # include <stdint.h>
| #endif
| #ifdef HAVE_UNISTD_H
| # include <unistd.h>
| #endif
|     #include <sys/stat.h>
| 
| 
| int
| main ()
| {
| static struct stat ac_aggr;
| if (sizeof ac_aggr.st_mtimespec)
| return 0;
|   ;
|   return 0;
| }
configure:20549: result: no
configure:20565: checking for std::unique_ptr<std::string>
configure:20565: g++ -c -g -O2 -Wall  conftest.cpp >&5
configure:20565: $? = 0
configure:20565: g++ -c -g -O2 -Wall  conftest.cpp >&5
conftest.cpp: In function 'int main()':
conftest.cpp:46:42: error: expected primary-expression before ')' token
   46 | if (sizeof ((std::unique_ptr<std::string>)))
      |                                          ^
configure:20565: $? = 1
configure: failed program was:
| /* confdefs.h */
| #define PACKAGE_NAME "libfswatch"
| #define PACKAGE_TARNAME "libfswatch"
| #define PACKAGE_VERSION "1.9.3"
| #define PACKAGE_STRING "libfswatch 1.9.3"
| #define PACKAGE_BUGREPORT "enrico.m.crisostomo@gmail.com"
| #define PACKAGE_URL "https://github.com/emcrisostomo/fswatch"
| #define PACKAGE "libfswatch"
| #define VERSION "1.9.3"
| #define STDC_HEADERS 1
| #define HAVE_SYS_TYPES_H 1
| #define HAVE_SYS_STAT_H 1
| #define HAVE_STDLIB_H 1
| #define HAVE_STRING_H 1
| #define HAVE_MEMORY_H 1
| #define HAVE_STRINGS_H 1
| #define HAVE_INTTYPES_H 1
| #define HAVE_STDINT_H 1
| #define HAVE_UNISTD_H 1
| #define HAVE_DLFCN_H 1
| #define LT_OBJDIR ".libs/"
| #define ENABLE_NLS 1
| #define HAVE_GETTEXT 1
| #define HAVE_DCGETTEXT 1
| #define HAVE_CXX11 1
| #define HAVE_LIBPTHREAD 1
| #define HAVE_CSTDLIB 1
| #define HAVE_UNISTD_H 1
| #define HAVE_FCNTL_H 1
| #define HAVE_UNORDERED_MAP 1
| #define HAVE_UNORDERED_SET 1
| #define HAVE_SYS_INOTIFY_H 1
| #define HAVE_DECL_INOTIFY_INIT 1
| #define HAVE_DECL_INOTIFY_ADD_WATCH 1
| #define HAVE_DECL_INOTIFY_RM_WATCH 1
| #define HAVE_LIBC 1
| #define HAVE_CXX_MUTEX 1
| #define HAVE_CXX_ATOMIC 1
| #define HAVE_STRUCT_STAT_ST_MTIME 1
| /* end confdefs.h.  */
| #include <memory>
| 
| int
| main ()
| {
| if (sizeof ((std::unique_ptr<std::string>)))
| 	    return 0;
|   ;
|   return 0;
| }
configure:20565: result: yes
configure:20575: checking whether lstat correctly handles trailing slash
configure:20601: g++ -o conftest -g -O2 -Wall   conftest.cpp -lc -lpthread  >&5
configure:20601: $? = 0
configure:20601: ./conftest
configure:20601: $? = 0
configure:20618: result: yes
configure:20639: checking for modf
configure:20639: g++ -o conftest -g -O2 -Wall   conftest.cpp -lc -lpthread  >&5
conftest.cpp:66:6: warning: declaration of 'char modf()' conflicts with built-in declaration 'double modf(double, double*)' [-Wbuiltin-declaration-mismatch]
   66 | char modf ();
      |      ^~~~
configure:20639: $? = 0
configure:20639: result: yes
configure:20652: checking for realpath
configure:20652: g++ -o conftest -g -O2 -Wall   conftest.cpp -lc -lpthread  >&5
configure:20652: $? = 0
configure:20652: result: yes
configure:20665: checking for regcomp
configure:20665: g++ -o conftest -g -O2 -Wall   conftest.cpp -lc -lpthread  >&5
configure:20665: $? = 0
configure:20665: result: yes
configure:20678: checking for select
configure:20678: g++ -o conftest -g -O2 -Wall   conftest.cpp -lc -lpthread  >&5
configure:20678: $? = 0
configure:20678: result: yes
configure:20690: checking for thread_local storage specifier
configure:20716: g++ -c -g -O2 -Wall  conftest.cpp >&5
conftest.cpp:49:35: warning: 'x' defined but not used [-Wunused-variable]
   49 |           static thread_local int x;
      |                                   ^
configure:20716: $? = 0
configure:20730: result: yes
configure:20848: checking that generated files are newer than configure
configure:20854: result: done
configure:20913: creating ./config.status

## ---------------------- ##
## Running config.status. ##
## ---------------------- ##

This file was extended by libfswatch config.status 1.9.3, which was
generated by GNU Autoconf 2.69.  Invocation command line was

  CONFIG_FILES    = 
  CONFIG_HEADERS  = 
  CONFIG_LINKS    = 
  CONFIG_COMMANDS = 
  $ ./config.status 

on bonami-ThinkPad-E15-Gen-4

config.status:1229: creating Makefile
config.status:1229: creating doc/Makefile
config.status:1229: creating doc/doxygen/Makefile
config.status:1229: creating src/Makefile
config.status:1229: creating src/libfswatch/Makefile
config.status:1229: creating po/Makefile.in
config.status:1229: creating libfswatch_config.h
config.status:1458: executing depfiles commands
config.status:1458: executing libtool commands
config.status:1458: executing po-directories commands

## ---------------- ##
## Cache variables. ##
## ---------------- ##

ac_cv_build=x86_64-unknown-linux-gnu
ac_cv_c_compiler_gnu=yes
ac_cv_c_uint32_t=yes
ac_cv_cxx_compiler_gnu=yes
ac_cv_cxxflags_warn_all=-Wall
ac_cv_env_CCC_set=
ac_cv_env_CCC_value=
ac_cv_env_CC_set=
ac_cv_env_CC_value=
ac_cv_env_CFLAGS_set=
ac_cv_env_CFLAGS_value=
ac_cv_env_CPPFLAGS_set=
ac_cv_env_CPPFLAGS_value=
ac_cv_env_CPP_set=
ac_cv_env_CPP_value=
ac_cv_env_CXXCPP_set=
ac_cv_env_CXXCPP_value=
ac_cv_env_CXXFLAGS_set=
ac_cv_env_CXXFLAGS_value=
ac_cv_env_CXX_set=
ac_cv_env_CXX_value=
ac_cv_env_LDFLAGS_set=
ac_cv_env_LDFLAGS_value=
ac_cv_env_LIBS_set=
ac_cv_env_LIBS_value=
ac_cv_env_LT_SYS_LIBRARY_PATH_set=
ac_cv_env_LT_SYS_LIBRARY_PATH_value=
ac_cv_env_build_alias_set=
ac_cv_env_build_alias_value=
ac_cv_env_host_alias_set=
ac_cv_env_host_alias_value=
ac_cv_env_target_alias_set=
ac_cv_env_target_alias_value=
ac_cv_func_lstat_dereferences_slashed_symlink=yes
ac_cv_func_modf=yes
ac_cv_func_realpath=yes
ac_cv_func_regcomp=yes
ac_cv_func_select=yes
ac_cv_have_decl_inotify_add_watch=yes
ac_cv_have_decl_inotify_init=yes
ac_cv_have_decl_inotify_rm_watch=yes
ac_cv_header_CoreServices_CoreServices_h=no
ac_cv_header_atomic=yes
ac_cv_header_cstdlib=yes
ac_cv_header_dlfcn_h=yes
ac_cv_header_fcntl_h=yes
ac_cv_header_inttypes_h=yes
ac_cv_header_memory_h=yes
ac_cv_header_mutex=yes
ac_cv_header_port_h=no
ac_cv_header_stdbool_h=no
ac_cv_header_stdc=yes
ac_cv_header_stdint_h=yes
ac_cv_header_stdlib_h=yes
ac_cv_header_string_h=yes
ac_cv_header_strings_h=yes
ac_cv_header_sys_event_h=no
ac_cv_header_sys_inotify_h=yes
ac_cv_header_sys_stat_h=yes
ac_cv_header_sys_types_h=yes
ac_cv_header_unistd_h=yes
ac_cv_header_unordered_map=yes
ac_cv_header_unordered_set=yes
ac_cv_header_windows_h=no
ac_cv_host=x86_64-unknown-linux-gnu
ac_cv_lib_c_inotify_init=yes
ac_cv_lib_pthread_pthread_create=yes
ac_cv_member_struct_stat_st_mtime=yes
ac_cv_member_struct_stat_st_mtimespec=no
ac_cv_objext=o
ac_cv_path_EGREP='/usr/bin/grep -E'
ac_cv_path_FGREP='/usr/bin/grep -F'
ac_cv_path_GMSGFMT=:
ac_cv_path_GREP=/usr/bin/grep
ac_cv_path_MSGFMT=:
ac_cv_path_MSGMERGE=:
ac_cv_path_SED=/usr/bin/sed
ac_cv_path_XGETTEXT=:
ac_cv_path_install='/usr/bin/install -c'
ac_cv_path_lt_DD=/usr/bin/dd
ac_cv_path_mkdir=/usr/bin/mkdir
ac_cv_prog_AWK=mawk
ac_cv_prog_CPP='gcc -E'
ac_cv_prog_CXXCPP='g++ -E'
ac_cv_prog_ac_ct_AR=ar
ac_cv_prog_ac_ct_CC=gcc
ac_cv_prog_ac_ct_CXX=g++
ac_cv_prog_ac_ct_MANIFEST_TOOL=mt
ac_cv_prog_ac_ct_OBJDUMP=objdump
ac_cv_prog_ac_ct_RANLIB=ranlib
ac_cv_prog_ac_ct_STRIP=strip
ac_cv_prog_cc_c89=
ac_cv_prog_cc_g=yes
ac_cv_prog_cxx_g=yes
ac_cv_prog_make_make_set=yes
ac_cv_target=x86_64-unknown-linux-gnu
ac_cv_type__Bool=no
ac_cv_type_mode_t=yes
ac_cv_type_size_t=yes
ac_cv_type_ssize_t=yes
ac_cv_type_std__unique_ptr_std__string_=yes
acl_cv_hardcode_direct=no
acl_cv_hardcode_libdir_flag_spec='${wl}-rpath ${wl}$libdir'
acl_cv_hardcode_libdir_separator=
acl_cv_hardcode_minus_L=no
acl_cv_libext=a
acl_cv_libname_spec='lib$name'
acl_cv_library_names_spec='$libname$shrext'
acl_cv_path_LD='/usr/bin/ld -m elf_x86_64'
acl_cv_prog_gnu_ld=yes
acl_cv_rpath=done
acl_cv_shlibext=so
acl_cv_wl=-Wl,
am_cv_CC_dependencies_compiler_type=gcc3
am_cv_CXX_dependencies_compiler_type=gcc3
am_cv_ar_interface=ar
am_cv_make_support_nested_variables=yes
am_cv_prog_cc_c_o=yes
ax_cv_cxx_compile_cxx11=yes
ax_cv_cxx_have_thread_local=yes
gt_cv_func_CFLocaleCopyCurrent=no
gt_cv_func_CFPreferencesCopyAppValue=no
gt_cv_func_gnugettext1_libc=yes
lt_cv_ar_at_file=@
lt_cv_archive_cmds_need_lc=no
lt_cv_deplibs_check_method=pass_all
lt_cv_file_magic_cmd='$MAGIC_CMD'
lt_cv_file_magic_test_file=
lt_cv_ld_reload_flag=-r
lt_cv_nm_interface='BSD nm'
lt_cv_objdir=.libs
lt_cv_path_LD=/usr/bin/ld
lt_cv_path_LDCXX='/usr/bin/ld -m elf_x86_64'
lt_cv_path_NM='/usr/bin/nm -B'
lt_cv_path_mainfest_tool=no
lt_cv_prog_compiler_c_o=yes
lt_cv_prog_compiler_c_o_CXX=yes
lt_cv_prog_compiler_pic='-fPIC -DPIC'
lt_cv_prog_compiler_pic_CXX='-fPIC -DPIC'
lt_cv_prog_compiler_pic_works=yes
lt_cv_prog_compiler_pic_works_CXX=yes
lt_cv_prog_compiler_rtti_exceptions=no
lt_cv_prog_compiler_static_works=yes
lt_cv_prog_compiler_static_works_CXX=yes
lt_cv_prog_gnu_ld=yes
lt_cv_prog_gnu_ldcxx=yes
lt_cv_sharedlib_from_linklib_cmd='printf %s\n'
lt_cv_shlibpath_overrides_runpath=yes
lt_cv_sys_global_symbol_pipe='sed -n -e '\''s/^.*[	 ]\([ABCDGIRSTW][ABCDGIRSTW]*\)[	 ][	 ]*\([_A-Za-z][_A-Za-z0-9]*\)$/\1 \2 \2/p'\'' | sed '\''/ __gnu_lto/d'\'''
lt_cv_sys_global_symbol_to_c_name_address='sed -n -e '\''s/^: \(.*\) .*$/  {"\1", (void *) 0},/p'\'' -e '\''s/^[ABCDGIRSTW][ABCDGIRSTW]* .* \(.*\)$/  {"\1", (void *) \&\1},/p'\'''
lt_cv_sys_global_symbol_to_c_name_address_lib_prefix='sed -n -e '\''s/^: \(.*\) .*$/  {"\1", (void *) 0},/p'\'' -e '\''s/^[ABCDGIRSTW][ABCDGIRSTW]* .* \(lib.*\)$/  {"\1", (void *) \&\1},/p'\'' -e '\''s/^[ABCDGIRSTW][ABCDGIRSTW]* .* \(.*\)$/  {"lib\1", (void *) \&\1},/p'\'''
lt_cv_sys_global_symbol_to_cdecl='sed -n -e '\''s/^T .* \(.*\)$/extern int \1();/p'\'' -e '\''s/^[ABCDGIRSTW][ABCDGIRSTW]* .* \(.*\)$/extern char \1;/p'\'''
lt_cv_sys_global_symbol_to_import=
lt_cv_sys_max_cmd_len=1572864
lt_cv_to_host_file_cmd=func_convert_file_noop
lt_cv_to_tool_file_cmd=func_convert_file_noop
lt_cv_truncate_bin='/usr/bin/dd bs=4096 count=1'

## ----------------- ##
## Output variables. ##
## ----------------- ##

ACLOCAL='${SHELL} /home/bonami/src/dart_learn/bin/fswatch-1.9.3/fswatch-1.9.3/libfswatch/config/missing aclocal-1.15'
AMDEPBACKSLASH='\'
AMDEP_FALSE='#'
AMDEP_TRUE=''
AMTAR='$${TAR-tar}'
AM_BACKSLASH='\'
AM_DEFAULT_V='$(AM_DEFAULT_VERBOSITY)'
AM_DEFAULT_VERBOSITY='0'
AM_LIBFSWATCH_API_VERSION='8:0:2'
AM_V='$(V)'
AR='ar'
AUTOCONF='${SHELL} /home/bonami/src/dart_learn/bin/fswatch-1.9.3/fswatch-1.9.3/libfswatch/config/missing autoconf'
AUTOHEADER='${SHELL} /home/bonami/src/dart_learn/bin/fswatch-1.9.3/fswatch-1.9.3/libfswatch/config/missing autoheader'
AUTOMAKE='${SHELL} /home/bonami/src/dart_learn/bin/fswatch-1.9.3/fswatch-1.9.3/libfswatch/config/missing automake-1.15'
AWK='mawk'
CC='gcc'
CCDEPMODE='depmode=gcc3'
CFLAGS='-g -O2'
CPP='gcc -E'
CPPFLAGS=''
CXX='g++'
CXXCPP='g++ -E'
CXXDEPMODE='depmode=gcc3'
CXXFLAGS='-g -O2 -Wall'
CYGPATH_W='echo'
DEFS='-DHAVE_CONFIG_H'
DEPDIR='.deps'
DLLTOOL='false'
DOXYGEN=''
DSYMUTIL=''
DUMPBIN=''
ECHO_C=''
ECHO_N='-n'
ECHO_T=''
EGREP='/usr/bin/grep -E'
EXEEXT=''
FGREP='/usr/bin/grep -F'
GETTEXT_MACRO_VERSION='0.19'
GMSGFMT=':'
GMSGFMT_015=':'
GREP='/usr/bin/grep'
HAVE_CXX11='1'
HAVE_DOXYGEN_FALSE=''
HAVE_DOXYGEN_TRUE='#'
INSTALL_DATA='${INSTALL} -m 644'
INSTALL_PROGRAM='${INSTALL}'
INSTALL_SCRIPT='${INSTALL}'
INSTALL_STRIP_PROGRAM='$(install_sh) -c -s'
INTLLIBS=''
INTL_MACOSX_LIBS=''
LD='/usr/bin/ld -m elf_x86_64'
LDFLAGS=''
LIBICONV='-liconv'
LIBINTL=''
LIBOBJS=''
LIBS='-lc -lpthread '
LIBTOOL='$(SHELL) $(top_builddir)/libtool'
LIBTOOL_DEPS='config/ltmain.sh'
LIPO=''
LN_S='ln -s'
LTLIBICONV='-liconv'
LTLIBINTL=''
LTLIBOBJS=''
LT_SYS_LIBRARY_PATH=''
MAKEINFO='${SHELL} /home/bonami/src/dart_learn/bin/fswatch-1.9.3/fswatch-1.9.3/libfswatch/config/missing makeinfo'
MANIFEST_TOOL=':'
MKDIR_P='/usr/bin/mkdir -p'
MSGFMT=':'
MSGFMT_015=':'
MSGMERGE=':'
NM='/usr/bin/nm -B'
NMEDIT=''
OBJDUMP='objdump'
OBJEXT='o'
OS_CYGWIN_FALSE=''
OS_CYGWIN_TRUE='#'
OTOOL64=''
OTOOL=''
PACKAGE='libfswatch'
PACKAGE_BUGREPORT='enrico.m.crisostomo@gmail.com'
PACKAGE_NAME='libfswatch'
PACKAGE_STRING='libfswatch 1.9.3'
PACKAGE_TARNAME='libfswatch'
PACKAGE_URL='https://github.com/emcrisostomo/fswatch'
PACKAGE_VERSION='1.9.3'
PATH_SEPARATOR=':'
POSUB='po'
RANLIB='ranlib'
SED='/usr/bin/sed'
SET_MAKE=''
SHELL='/bin/bash'
STRIP='strip'
TARGET_OS='linux-gnu'
TARGET_VENDOR='unknown'
USE_CYGWIN_FALSE=''
USE_CYGWIN_TRUE='#'
USE_FEN_FALSE=''
USE_FEN_TRUE='#'
USE_FSEVENTS_FALSE=''
USE_FSEVENTS_TRUE='#'
USE_INOTIFY_FALSE='#'
USE_INOTIFY_TRUE=''
USE_KQUEUE_FALSE=''
USE_KQUEUE_TRUE='#'
USE_NLS='yes'
USE_WINDOWS_FALSE=''
USE_WINDOWS_TRUE='#'
VERSION='1.9.3'
XGETTEXT=':'
XGETTEXT_015=':'
XGETTEXT_EXTRA_OPTIONS=''
ac_ct_AR='ar'
ac_ct_CC='gcc'
ac_ct_CXX='g++'
ac_ct_DUMPBIN=''
am__EXEEXT_FALSE=''
am__EXEEXT_TRUE='#'
am__fastdepCC_FALSE='#'
am__fastdepCC_TRUE=''
am__fastdepCXX_FALSE='#'
am__fastdepCXX_TRUE=''
am__include='include'
am__isrc=''
am__leading_dot='.'
am__nodep='_no'
am__quote=''
am__tar='$${TAR-tar} chof - "$$tardir"'
am__untar='$${TAR-tar} xf -'
bindir='${exec_prefix}/bin'
build='x86_64-unknown-linux-gnu'
build_alias=''
build_cpu='x86_64'
build_os='linux-gnu'
build_vendor='unknown'
datadir='${datarootdir}'
datarootdir='${prefix}/share'
docdir='${datarootdir}/doc/${PACKAGE_TARNAME}'
dvidir='${docdir}'
exec_prefix='${prefix}'
host='x86_64-unknown-linux-gnu'
host_alias=''
host_cpu='x86_64'
host_os='linux-gnu'
host_vendor='unknown'
htmldir='${docdir}'
includedir='${prefix}/include'
infodir='${datarootdir}/info'
install_sh='${SHELL} /home/bonami/src/dart_learn/bin/fswatch-1.9.3/fswatch-1.9.3/libfswatch/config/install-sh'
libdir='${exec_prefix}/lib'
libexecdir='${exec_prefix}/libexec'
localedir='${datarootdir}/locale'
localstatedir='${prefix}/var'
mandir='${datarootdir}/man'
mkdir_p='$(MKDIR_P)'
oldincludedir='/usr/include'
pdfdir='${docdir}'
prefix='/usr/local'
program_transform_name='s,x,x,'
psdir='${docdir}'
sbindir='${exec_prefix}/sbin'
sharedstatedir='${prefix}/com'
sysconfdir='${prefix}/etc'
target='x86_64-unknown-linux-gnu'
target_alias=''
target_cpu='x86_64'
target_os='linux-gnu'
target_vendor='unknown'

## ----------- ##
## confdefs.h. ##
## ----------- ##

/* confdefs.h */
#define PACKAGE_NAME "libfswatch"
#define PACKAGE_TARNAME "libfswatch"
#define PACKAGE_VERSION "1.9.3"
#define PACKAGE_STRING "libfswatch 1.9.3"
#define PACKAGE_BUGREPORT "enrico.m.crisostomo@gmail.com"
#define PACKAGE_URL "https://github.com/emcrisostomo/fswatch"
#define PACKAGE "libfswatch"
#define VERSION "1.9.3"
#define STDC_HEADERS 1
#define HAVE_SYS_TYPES_H 1
#define HAVE_SYS_STAT_H 1
#define HAVE_STDLIB_H 1
#define HAVE_STRING_H 1
#define HAVE_MEMORY_H 1
#define HAVE_STRINGS_H 1
#define HAVE_INTTYPES_H 1
#define HAVE_STDINT_H 1
#define HAVE_UNISTD_H 1
#define HAVE_DLFCN_H 1
#define LT_OBJDIR ".libs/"
#define ENABLE_NLS 1
#define HAVE_GETTEXT 1
#define HAVE_DCGETTEXT 1
#define HAVE_CXX11 1
#define HAVE_LIBPTHREAD 1
#define HAVE_CSTDLIB 1
#define HAVE_UNISTD_H 1
#define HAVE_FCNTL_H 1
#define HAVE_UNORDERED_MAP 1
#define HAVE_UNORDERED_SET 1
#define HAVE_SYS_INOTIFY_H 1
#define HAVE_DECL_INOTIFY_INIT 1
#define HAVE_DECL_INOTIFY_ADD_WATCH 1
#define HAVE_DECL_INOTIFY_RM_WATCH 1
#define HAVE_LIBC 1
#define HAVE_CXX_MUTEX 1
#define HAVE_CXX_ATOMIC 1
#define HAVE_STRUCT_STAT_ST_MTIME 1
#define HAVE_CXX_UNIQUE_PTR 1
#define LSTAT_FOLLOWS_SLASHED_SYMLINK 1
#define HAVE_MODF 1
#define HAVE_REALPATH 1
#define HAVE_REGCOMP 1
#define HAVE_SELECT 1
#define HAVE_CXX_THREAD_LOCAL 1

configure: exit 0
