This file contains any messages produced by compilers while
running configure, to aid debugging if configure makes a mistake.

It was created by fswatch configure 1.9.3, which was
generated by GNU Autoconf 2.69.  Invocation command line was

  $ ./configure 

## --------- ##
## Platform. ##
## --------- ##

hostname = bonami-ThinkPad-E15-Gen-4
uname -m = x86_64
uname -r = 5.19.0-46-generic
uname -s = Linux
uname -v = #47~22.04.1-Ubuntu SMP PREEMPT_DYNAMIC Wed Jun 21 15:35:31 UTC 2

/usr/bin/uname -p = x86_64
/bin/uname -X     = unknown

/bin/arch              = x86_64
/usr/bin/arch -k       = unknown
/usr/convex/getsysinfo = unknown
/usr/bin/hostinfo      = unknown
/bin/machine           = unknown
/usr/bin/oslevel       = unknown
/bin/universe          = unknown

PATH: /home/bonami/flutter/flutter/bin/cache/dart-sdk/bin/
PATH: /usr/local/sbin
PATH: /usr/local/bin
PATH: /usr/sbin
PATH: /usr/bin
PATH: /sbin
PATH: /bin
PATH: /usr/games
PATH: /usr/local/games
PATH: /snap/bin
PATH: /snap/bin
PATH: /home/bonami/flutter/flutter/bin
PATH: /home/bonami/flutter/flutter/bin


## ----------- ##
## Core tests. ##
## ----------- ##

configure:2608: checking build system type
configure:2622: result: x86_64-unknown-linux-gnu
configure:2642: checking host system type
configure:2655: result: x86_64-unknown-linux-gnu
configure:2675: checking target system type
configure:2688: result: x86_64-unknown-linux-gnu
configure:2742: checking for a BSD-compatible install
configure:2810: result: /usr/bin/install -c
configure:2821: checking whether build environment is sane
configure:2876: result: yes
configure:3027: checking for a thread-safe mkdir -p
configure:3066: result: /usr/bin/mkdir -p
configure:3073: checking for gawk
configure:3103: result: no
configure:3073: checking for mawk
configure:3089: found /usr/bin/mawk
configure:3100: result: mawk
configure:3111: checking whether make sets $(MAKE)
configure:3137: result: no
configure:3162: checking whether make supports nested variables
configure:3179: result: no
configure:3316: checking whether make supports nested variables
configure:3333: result: no
configure:3356: checking for style of include used by make
configure:3384: result: none
configure:3455: checking for gcc
configure:3485: result: no
configure:3548: checking for cc
configure:3595: result: no
configure:3651: checking for cl.exe
configure:3681: result: no
configure:3705: error: in `/home/bonami/src/dart_learn/bin/fswatch-1.9.3':
configure:3707: error: no acceptable C compiler found in $PATH
See `config.log' for more details

## ---------------- ##
## Cache variables. ##
## ---------------- ##

ac_cv_build=x86_64-unknown-linux-gnu
ac_cv_env_CCC_set=
ac_cv_env_CCC_value=
ac_cv_env_CC_set=
ac_cv_env_CC_value=
ac_cv_env_CFLAGS_set=
ac_cv_env_CFLAGS_value=
ac_cv_env_CPPFLAGS_set=
ac_cv_env_CPPFLAGS_value=
ac_cv_env_CPP_set=
ac_cv_env_CPP_value=
ac_cv_env_CXXCPP_set=
ac_cv_env_CXXCPP_value=
ac_cv_env_CXXFLAGS_set=
ac_cv_env_CXXFLAGS_value=
ac_cv_env_CXX_set=
ac_cv_env_CXX_value=
ac_cv_env_LDFLAGS_set=
ac_cv_env_LDFLAGS_value=
ac_cv_env_LIBS_set=
ac_cv_env_LIBS_value=
ac_cv_env_LT_SYS_LIBRARY_PATH_set=
ac_cv_env_LT_SYS_LIBRARY_PATH_value=
ac_cv_env_build_alias_set=
ac_cv_env_build_alias_value=
ac_cv_env_host_alias_set=
ac_cv_env_host_alias_value=
ac_cv_env_target_alias_set=
ac_cv_env_target_alias_value=
ac_cv_host=x86_64-unknown-linux-gnu
ac_cv_path_install='/usr/bin/install -c'
ac_cv_path_mkdir=/usr/bin/mkdir
ac_cv_prog_AWK=mawk
ac_cv_prog_make_make_set=no
ac_cv_target=x86_64-unknown-linux-gnu
am_cv_make_support_nested_variables=no

## ----------------- ##
## Output variables. ##
## ----------------- ##

ACLOCAL='${SHELL} /home/bonami/src/dart_learn/bin/fswatch-1.9.3/config/missing aclocal-1.15'
AMDEPBACKSLASH='\'
AMDEP_FALSE='#'
AMDEP_TRUE=''
AMTAR='$${TAR-tar}'
AM_BACKSLASH='\'
AM_DEFAULT_V='0'
AM_DEFAULT_VERBOSITY='0'
AM_V='0'
AR=''
AUTOCONF='${SHELL} /home/bonami/src/dart_learn/bin/fswatch-1.9.3/config/missing autoconf'
AUTOHEADER='${SHELL} /home/bonami/src/dart_learn/bin/fswatch-1.9.3/config/missing autoheader'
AUTOMAKE='${SHELL} /home/bonami/src/dart_learn/bin/fswatch-1.9.3/config/missing automake-1.15'
AWK='mawk'
CC=''
CCDEPMODE=''
CFLAGS=''
CPP=''
CPPFLAGS=''
CXX=''
CXXCPP=''
CXXDEPMODE=''
CXXFLAGS=''
CYGPATH_W='echo'
DEFS=''
DEPDIR='.deps'
DLLTOOL=''
DSYMUTIL=''
DUMPBIN=''
ECHO_C=''
ECHO_N='-n'
ECHO_T=''
EGREP=''
EXEEXT=''
FGREP=''
FSWATCH=''
GETTEXT_MACRO_VERSION=''
GMSGFMT=''
GMSGFMT_015=''
GREP=''
HAVE_CXX11=''
INSTALL_DATA='${INSTALL} -m 644'
INSTALL_PROGRAM='${INSTALL}'
INSTALL_SCRIPT='${INSTALL}'
INSTALL_STRIP_PROGRAM='$(install_sh) -c -s'
INTLLIBS=''
INTL_MACOSX_LIBS=''
LD=''
LDFLAGS=''
LIBICONV=''
LIBINTL=''
LIBOBJS=''
LIBS=''
LIBTOOL=''
LIBTOOL_DEPS=''
LIPO=''
LN_S=''
LTLIBICONV=''
LTLIBINTL=''
LTLIBOBJS=''
LT_SYS_LIBRARY_PATH=''
MAKEINFO='${SHELL} /home/bonami/src/dart_learn/bin/fswatch-1.9.3/config/missing makeinfo'
MANIFEST_TOOL=''
MAN_BUG_REPORT=''
MAN_DATE=''
MKDIR_P='/usr/bin/mkdir -p'
MSGFMT=''
MSGFMT_015=''
MSGMERGE=''
NM=''
NMEDIT=''
OBJDUMP=''
OBJEXT=''
OTOOL64=''
OTOOL=''
PACKAGE='fswatch'
PACKAGE_BUGREPORT='enrico.m.crisostomo@gmail.com'
PACKAGE_NAME='fswatch'
PACKAGE_STRING='fswatch 1.9.3'
PACKAGE_TARNAME='fswatch'
PACKAGE_URL='https://github.com/emcrisostomo/fswatch'
PACKAGE_VERSION='1.9.3'
PATH_SEPARATOR=':'
POSUB=''
POW_LIB=''
RANLIB=''
SED=''
SET_MAKE='MAKE=make'
SHELL='/bin/bash'
STRIP=''
TARGET_OS='linux-gnu'
TARGET_VENDOR='unknown'
USE_NLS=''
VERSION='1.9.3'
XGETTEXT=''
XGETTEXT_015=''
XGETTEXT_EXTRA_OPTIONS=''
ac_ct_AR=''
ac_ct_CC=''
ac_ct_CXX=''
ac_ct_DUMPBIN=''
am__EXEEXT_FALSE=''
am__EXEEXT_TRUE=''
am__fastdepCC_FALSE=''
am__fastdepCC_TRUE=''
am__fastdepCXX_FALSE=''
am__fastdepCXX_TRUE=''
am__include='#'
am__isrc=''
am__leading_dot='.'
am__nodep='_no'
am__quote=''
am__tar='$${TAR-tar} chof - "$$tardir"'
am__untar='$${TAR-tar} xf -'
bindir='${exec_prefix}/bin'
build='x86_64-unknown-linux-gnu'
build_alias=''
build_cpu='x86_64'
build_os='linux-gnu'
build_vendor='unknown'
datadir='${datarootdir}'
datarootdir='${prefix}/share'
docdir='${datarootdir}/doc/${PACKAGE_TARNAME}'
dvidir='${docdir}'
exec_prefix='NONE'
host='x86_64-unknown-linux-gnu'
host_alias=''
host_cpu='x86_64'
host_os='linux-gnu'
host_vendor='unknown'
htmldir='${docdir}'
includedir='${prefix}/include'
infodir='${datarootdir}/info'
install_sh='${SHELL} /home/bonami/src/dart_learn/bin/fswatch-1.9.3/config/install-sh'
libdir='${exec_prefix}/lib'
libexecdir='${exec_prefix}/libexec'
localedir='${datarootdir}/locale'
localstatedir='${prefix}/var'
mandir='${datarootdir}/man'
mkdir_p='$(MKDIR_P)'
oldincludedir='/usr/include'
pdfdir='${docdir}'
prefix='NONE'
program_transform_name='s,x,x,'
psdir='${docdir}'
sbindir='${exec_prefix}/sbin'
sharedstatedir='${prefix}/com'
subdirs=' libfswatch'
sysconfdir='${prefix}/etc'
target='x86_64-unknown-linux-gnu'
target_alias=''
target_cpu='x86_64'
target_os='linux-gnu'
target_vendor='unknown'

## ----------- ##
## confdefs.h. ##
## ----------- ##

/* confdefs.h */
#define PACKAGE_NAME "fswatch"
#define PACKAGE_TARNAME "fswatch"
#define PACKAGE_VERSION "1.9.3"
#define PACKAGE_STRING "fswatch 1.9.3"
#define PACKAGE_BUGREPORT "enrico.m.crisostomo@gmail.com"
#define PACKAGE_URL "https://github.com/emcrisostomo/fswatch"
#define PACKAGE "fswatch"
#define VERSION "1.9.3"

configure: exit 1
