This file contains any messages produced by compilers while
running configure, to aid debugging if configure makes a mistake.

It was created by fswatch configure 1.9.3, which was
generated by GNU Autoconf 2.69.  Invocation command line was

  $ ./configure 

## --------- ##
## Platform. ##
## --------- ##

hostname = bonami-ThinkPad-E15-Gen-4
uname -m = x86_64
uname -r = 5.19.0-46-generic
uname -s = Linux
uname -v = #47~22.04.1-Ubuntu SMP PREEMPT_DYNAMIC Wed Jun 21 15:35:31 UTC 2

/usr/bin/uname -p = x86_64
/bin/uname -X     = unknown

/bin/arch              = x86_64
/usr/bin/arch -k       = unknown
/usr/convex/getsysinfo = unknown
/usr/bin/hostinfo      = unknown
/bin/machine           = unknown
/usr/bin/oslevel       = unknown
/bin/universe          = unknown

PATH: /home/bonami/flutter/flutter/bin/cache/dart-sdk/bin/
PATH: /usr/local/sbin
PATH: /usr/local/bin
PATH: /usr/sbin
PATH: /usr/bin
PATH: /sbin
PATH: /bin
PATH: /usr/games
PATH: /usr/local/games
PATH: /snap/bin
PATH: /snap/bin
PATH: /home/bonami/flutter/flutter/bin
PATH: /home/bonami/flutter/flutter/bin


## ----------- ##
## Core tests. ##
## ----------- ##

configure:2608: checking build system type
configure:2622: result: x86_64-unknown-linux-gnu
configure:2642: checking host system type
configure:2655: result: x86_64-unknown-linux-gnu
configure:2675: checking target system type
configure:2688: result: x86_64-unknown-linux-gnu
configure:2742: checking for a BSD-compatible install
configure:2810: result: /usr/bin/install -c
configure:2821: checking whether build environment is sane
configure:2876: result: yes
configure:3027: checking for a thread-safe mkdir -p
configure:3066: result: /usr/bin/mkdir -p
configure:3073: checking for gawk
configure:3103: result: no
configure:3073: checking for mawk
configure:3089: found /usr/bin/mawk
configure:3100: result: mawk
configure:3111: checking whether make sets $(MAKE)
configure:3133: result: yes
configure:3162: checking whether make supports nested variables
configure:3179: result: yes
configure:3316: checking whether make supports nested variables
configure:3333: result: yes
configure:3356: checking for style of include used by make
configure:3384: result: GNU
configure:3455: checking for gcc
configure:3471: found /usr/bin/gcc
configure:3482: result: gcc
configure:3711: checking for C compiler version
configure:3720: gcc --version >&5
gcc (Ubuntu 11.3.0-1ubuntu1~22.04.1) 11.3.0
Copyright (C) 2021 Free Software Foundation, Inc.
This is free software; see the source for copying conditions.  There is NO
warranty; not even for MERCHANTABILITY or FITNESS FOR A PARTICULAR PURPOSE.

configure:3731: $? = 0
configure:3720: gcc -v >&5
Using built-in specs.
COLLECT_GCC=gcc
COLLECT_LTO_WRAPPER=/usr/lib/gcc/x86_64-linux-gnu/11/lto-wrapper
OFFLOAD_TARGET_NAMES=nvptx-none:amdgcn-amdhsa
OFFLOAD_TARGET_DEFAULT=1
Target: x86_64-linux-gnu
Configured with: ../src/configure -v --with-pkgversion='Ubuntu 11.3.0-1ubuntu1~22.04.1' --with-bugurl=file:///usr/share/doc/gcc-11/README.Bugs --enable-languages=c,ada,c++,go,brig,d,fortran,objc,obj-c++,m2 --prefix=/usr --with-gcc-major-version-only --program-suffix=-11 --program-prefix=x86_64-linux-gnu- --enable-shared --enable-linker-build-id --libexecdir=/usr/lib --without-included-gettext --enable-threads=posix --libdir=/usr/lib --enable-nls --enable-bootstrap --enable-clocale=gnu --enable-libstdcxx-debug --enable-libstdcxx-time=yes --with-default-libstdcxx-abi=new --enable-gnu-unique-object --disable-vtable-verify --enable-plugin --enable-default-pie --with-system-zlib --enable-libphobos-checking=release --with-target-system-zlib=auto --enable-objc-gc=auto --enable-multiarch --disable-werror --enable-cet --with-arch-32=i686 --with-abi=m64 --with-multilib-list=m32,m64,mx32 --enable-multilib --with-tune=generic --enable-offload-targets=nvptx-none=/build/gcc-11-aYxV0E/gcc-11-11.3.0/debian/tmp-nvptx/usr,amdgcn-amdhsa=/build/gcc-11-aYxV0E/gcc-11-11.3.0/debian/tmp-gcn/usr --without-cuda-driver --enable-checking=release --build=x86_64-linux-gnu --host=x86_64-linux-gnu --target=x86_64-linux-gnu --with-build-config=bootstrap-lto-lean --enable-link-serialization=2
Thread model: posix
Supported LTO compression algorithms: zlib zstd
gcc version 11.3.0 (Ubuntu 11.3.0-1ubuntu1~22.04.1) 
... rest of stderr output deleted ...
configure:3731: $? = 0
configure:3720: gcc -V >&5
gcc: error: unrecognized command-line option '-V'
gcc: fatal error: no input files
compilation terminated.
configure:3731: $? = 1
configure:3720: gcc -qversion >&5
gcc: error: unrecognized command-line option '-qversion'; did you mean '--version'?
gcc: fatal error: no input files
compilation terminated.
configure:3731: $? = 1
configure:3751: checking whether the C compiler works
configure:3773: gcc    conftest.c  >&5
configure:3777: $? = 0
configure:3825: result: yes
configure:3828: checking for C compiler default output file name
configure:3830: result: a.out
configure:3836: checking for suffix of executables
configure:3843: gcc -o conftest    conftest.c  >&5
configure:3847: $? = 0
configure:3869: result: 
configure:3891: checking whether we are cross compiling
configure:3899: gcc -o conftest    conftest.c  >&5
configure:3903: $? = 0
configure:3910: ./conftest
configure:3914: $? = 0
configure:3929: result: no
configure:3934: checking for suffix of object files
configure:3956: gcc -c   conftest.c >&5
configure:3960: $? = 0
configure:3981: result: o
configure:3985: checking whether we are using the GNU C compiler
configure:4004: gcc -c   conftest.c >&5
configure:4004: $? = 0
configure:4013: result: yes
configure:4022: checking whether gcc accepts -g
configure:4042: gcc -c -g  conftest.c >&5
configure:4042: $? = 0
configure:4083: result: yes
configure:4100: checking for gcc option to accept ISO C89
configure:4163: gcc  -c -g -O2  conftest.c >&5
configure:4163: $? = 0
configure:4176: result: none needed
configure:4201: checking whether gcc understands -c and -o together
configure:4223: gcc -c conftest.c -o conftest2.o
configure:4226: $? = 0
configure:4223: gcc -c conftest.c -o conftest2.o
configure:4226: $? = 0
configure:4238: result: yes
configure:4257: checking dependency style of gcc
configure:4368: result: gcc3
configure:4433: checking for ar
configure:4449: found /usr/bin/ar
configure:4460: result: ar
configure:4486: checking the archiver (ar) interface
configure:4502: gcc -c -g -O2  conftest.c >&5
configure:4502: $? = 0
configure:4504: ar cru libconftest.a conftest.o >&5
ar: `u' modifier ignored since `D' is the default (see `U')
configure:4507: $? = 0
configure:4535: result: ar
configure:4621: checking for clang++
configure:4651: result: no
configure:4621: checking for g++
configure:4637: found /usr/bin/g++
configure:4648: result: g++
configure:4675: checking for C++ compiler version
configure:4684: g++ --version >&5
g++ (Ubuntu 11.3.0-1ubuntu1~22.04.1) 11.3.0
Copyright (C) 2021 Free Software Foundation, Inc.
This is free software; see the source for copying conditions.  There is NO
warranty; not even for MERCHANTABILITY or FITNESS FOR A PARTICULAR PURPOSE.

configure:4695: $? = 0
configure:4684: g++ -v >&5
Using built-in specs.
COLLECT_GCC=g++
COLLECT_LTO_WRAPPER=/usr/lib/gcc/x86_64-linux-gnu/11/lto-wrapper
OFFLOAD_TARGET_NAMES=nvptx-none:amdgcn-amdhsa
OFFLOAD_TARGET_DEFAULT=1
Target: x86_64-linux-gnu
Configured with: ../src/configure -v --with-pkgversion='Ubuntu 11.3.0-1ubuntu1~22.04.1' --with-bugurl=file:///usr/share/doc/gcc-11/README.Bugs --enable-languages=c,ada,c++,go,brig,d,fortran,objc,obj-c++,m2 --prefix=/usr --with-gcc-major-version-only --program-suffix=-11 --program-prefix=x86_64-linux-gnu- --enable-shared --enable-linker-build-id --libexecdir=/usr/lib --without-included-gettext --enable-threads=posix --libdir=/usr/lib --enable-nls --enable-bootstrap --enable-clocale=gnu --enable-libstdcxx-debug --enable-libstdcxx-time=yes --with-default-libstdcxx-abi=new --enable-gnu-unique-object --disable-vtable-verify --enable-plugin --enable-default-pie --with-system-zlib --enable-libphobos-checking=release --with-target-system-zlib=auto --enable-objc-gc=auto --enable-multiarch --disable-werror --enable-cet --with-arch-32=i686 --with-abi=m64 --with-multilib-list=m32,m64,mx32 --enable-multilib --with-tune=generic --enable-offload-targets=nvptx-none=/build/gcc-11-aYxV0E/gcc-11-11.3.0/debian/tmp-nvptx/usr,amdgcn-amdhsa=/build/gcc-11-aYxV0E/gcc-11-11.3.0/debian/tmp-gcn/usr --without-cuda-driver --enable-checking=release --build=x86_64-linux-gnu --host=x86_64-linux-gnu --target=x86_64-linux-gnu --with-build-config=bootstrap-lto-lean --enable-link-serialization=2
Thread model: posix
Supported LTO compression algorithms: zlib zstd
gcc version 11.3.0 (Ubuntu 11.3.0-1ubuntu1~22.04.1) 
... rest of stderr output deleted ...
configure:4695: $? = 0
configure:4684: g++ -V >&5
g++: error: unrecognized command-line option '-V'
g++: fatal error: no input files
compilation terminated.
configure:4695: $? = 1
configure:4684: g++ -qversion >&5
g++: error: unrecognized command-line option '-qversion'; did you mean '--version'?
g++: fatal error: no input files
compilation terminated.
configure:4695: $? = 1
configure:4699: checking whether we are using the GNU C++ compiler
configure:4718: g++ -c   conftest.cpp >&5
configure:4718: $? = 0
configure:4727: result: yes
configure:4736: checking whether g++ accepts -g
configure:4756: g++ -c -g  conftest.cpp >&5
configure:4756: $? = 0
configure:4797: result: yes
configure:4822: checking dependency style of g++
configure:4933: result: gcc3
configure:4997: checking how to print strings
configure:5024: result: printf
configure:5045: checking for a sed that does not truncate output
configure:5109: result: /usr/bin/sed
configure:5127: checking for grep that handles long lines and -e
configure:5185: result: /usr/bin/grep
configure:5190: checking for egrep
configure:5252: result: /usr/bin/grep -E
configure:5257: checking for fgrep
configure:5319: result: /usr/bin/grep -F
configure:5354: checking for ld used by gcc
configure:5421: result: /usr/bin/ld
configure:5428: checking if the linker (/usr/bin/ld) is GNU ld
configure:5443: result: yes
configure:5455: checking for BSD- or MS-compatible name lister (nm)
configure:5509: result: /usr/bin/nm -B
configure:5639: checking the name lister (/usr/bin/nm -B) interface
configure:5646: g++ -c -g -O2  conftest.cpp >&5
configure:5649: /usr/bin/nm -B "conftest.o"
configure:5652: output
0000000000000000 B some_variable
configure:5659: result: BSD nm
configure:5662: checking whether ln -s works
configure:5666: result: yes
configure:5674: checking the maximum length of command line arguments
configure:5805: result: 1572864
configure:5853: checking how to convert x86_64-unknown-linux-gnu file names to x86_64-unknown-linux-gnu format
configure:5893: result: func_convert_file_noop
configure:5900: checking how to convert x86_64-unknown-linux-gnu file names to toolchain format
configure:5920: result: func_convert_file_noop
configure:5927: checking for /usr/bin/ld option to reload object files
configure:5934: result: -r
configure:6008: checking for objdump
configure:6024: found /usr/bin/objdump
configure:6035: result: objdump
configure:6067: checking how to recognize dependent libraries
configure:6267: result: pass_all
configure:6352: checking for dlltool
configure:6382: result: no
configure:6412: checking how to associate runtime and link libraries
configure:6439: result: printf %s\n
configure:6564: checking for archiver @FILE support
configure:6581: g++ -c -g -O2  conftest.cpp >&5
configure:6581: $? = 0
configure:6584: ar cru libconftest.a @conftest.lst >&5
ar: `u' modifier ignored since `D' is the default (see `U')
configure:6587: $? = 0
configure:6592: ar cru libconftest.a @conftest.lst >&5
ar: `u' modifier ignored since `D' is the default (see `U')
ar: conftest.o: No such file or directory
configure:6595: $? = 1
configure:6607: result: @
configure:6665: checking for strip
configure:6681: found /usr/bin/strip
configure:6692: result: strip
configure:6764: checking for ranlib
configure:6780: found /usr/bin/ranlib
configure:6791: result: ranlib
configure:6893: checking command to parse /usr/bin/nm -B output from gcc object
configure:7046: g++ -c -g -O2  conftest.cpp >&5
configure:7049: $? = 0
configure:7053: /usr/bin/nm -B conftest.o \| sed -n -e 's/^.*[ ]\([ABCDGIRSTW][ABCDGIRSTW]*\)[ ][ ]*\([_A-Za-z][_A-Za-z0-9]*\)$/\1 \2 \2/p' | sed '/ __gnu_lto/d' \> conftest.nm
configure:7056: $? = 0
configure:7122: g++ -o conftest -g -O2   conftest.cpp conftstm.o >&5
configure:7125: $? = 0
configure:7163: result: ok
configure:7210: checking for sysroot
configure:7240: result: no
configure:7247: checking for a working dd
configure:7285: result: /usr/bin/dd
configure:7289: checking how to truncate binary pipes
configure:7304: result: /usr/bin/dd bs=4096 count=1
configure:7440: g++ -c -g -O2  conftest.cpp >&5
configure:7443: $? = 0
configure:7633: checking for mt
configure:7649: found /usr/bin/mt
configure:7660: result: mt
configure:7683: checking if mt is a manifest tool
configure:7689: mt '-?'
configure:7697: result: no
configure:8374: checking how to run the C preprocessor
configure:8405: gcc -E  conftest.c
configure:8405: $? = 0
configure:8419: gcc -E  conftest.c
conftest.c:11:10: fatal error: ac_nonexistent.h: No such file or directory
   11 | #include <ac_nonexistent.h>
      |          ^~~~~~~~~~~~~~~~~~
compilation terminated.
configure:8419: $? = 1
configure: failed program was:
| /* confdefs.h */
| #define PACKAGE_NAME "fswatch"
| #define PACKAGE_TARNAME "fswatch"
| #define PACKAGE_VERSION "1.9.3"
| #define PACKAGE_STRING "fswatch 1.9.3"
| #define PACKAGE_BUGREPORT "enrico.m.crisostomo@gmail.com"
| #define PACKAGE_URL "https://github.com/emcrisostomo/fswatch"
| #define PACKAGE "fswatch"
| #define VERSION "1.9.3"
| /* end confdefs.h.  */
| #include <ac_nonexistent.h>
configure:8444: result: gcc -E
configure:8464: gcc -E  conftest.c
configure:8464: $? = 0
configure:8478: gcc -E  conftest.c
conftest.c:11:10: fatal error: ac_nonexistent.h: No such file or directory
   11 | #include <ac_nonexistent.h>
      |          ^~~~~~~~~~~~~~~~~~
compilation terminated.
configure:8478: $? = 1
configure: failed program was:
| /* confdefs.h */
| #define PACKAGE_NAME "fswatch"
| #define PACKAGE_TARNAME "fswatch"
| #define PACKAGE_VERSION "1.9.3"
| #define PACKAGE_STRING "fswatch 1.9.3"
| #define PACKAGE_BUGREPORT "enrico.m.crisostomo@gmail.com"
| #define PACKAGE_URL "https://github.com/emcrisostomo/fswatch"
| #define PACKAGE "fswatch"
| #define VERSION "1.9.3"
| /* end confdefs.h.  */
| #include <ac_nonexistent.h>
configure:8507: checking for ANSI C header files
configure:8527: gcc -c -g -O2  conftest.c >&5
configure:8527: $? = 0
configure:8600: gcc -o conftest -g -O2   conftest.c  >&5
configure:8600: $? = 0
configure:8600: ./conftest
configure:8600: $? = 0
configure:8611: result: yes
configure:8624: checking for sys/types.h
configure:8624: gcc -c -g -O2  conftest.c >&5
configure:8624: $? = 0
configure:8624: result: yes
configure:8624: checking for sys/stat.h
configure:8624: gcc -c -g -O2  conftest.c >&5
configure:8624: $? = 0
configure:8624: result: yes
configure:8624: checking for stdlib.h
configure:8624: gcc -c -g -O2  conftest.c >&5
configure:8624: $? = 0
configure:8624: result: yes
configure:8624: checking for string.h
configure:8624: gcc -c -g -O2  conftest.c >&5
configure:8624: $? = 0
configure:8624: result: yes
configure:8624: checking for memory.h
configure:8624: gcc -c -g -O2  conftest.c >&5
configure:8624: $? = 0
configure:8624: result: yes
configure:8624: checking for strings.h
configure:8624: gcc -c -g -O2  conftest.c >&5
configure:8624: $? = 0
configure:8624: result: yes
configure:8624: checking for inttypes.h
configure:8624: gcc -c -g -O2  conftest.c >&5
configure:8624: $? = 0
configure:8624: result: yes
configure:8624: checking for stdint.h
configure:8624: gcc -c -g -O2  conftest.c >&5
configure:8624: $? = 0
configure:8624: result: yes
configure:8624: checking for unistd.h
configure:8624: gcc -c -g -O2  conftest.c >&5
configure:8624: $? = 0
configure:8624: result: yes
configure:8638: checking for dlfcn.h
configure:8638: gcc -c -g -O2  conftest.c >&5
configure:8638: $? = 0
configure:8638: result: yes
configure:8904: checking for objdir
configure:8919: result: .libs
configure:9183: checking if gcc supports -fno-rtti -fno-exceptions
configure:9201: gcc -c -g -O2  -fno-rtti -fno-exceptions conftest.c >&5
cc1: warning: command-line option '-fno-rtti' is valid for C++/D/ObjC++ but not for C
configure:9205: $? = 0
configure:9218: result: no
configure:9576: checking for gcc option to produce PIC
configure:9583: result: -fPIC -DPIC
configure:9591: checking if gcc PIC flag -fPIC -DPIC works
configure:9609: gcc -c -g -O2  -fPIC -DPIC -DPIC conftest.c >&5
configure:9613: $? = 0
configure:9626: result: yes
configure:9655: checking if gcc static flag -static works
configure:9683: result: yes
configure:9698: checking if gcc supports -c -o file.o
configure:9719: gcc -c -g -O2  -o out/conftest2.o conftest.c >&5
configure:9723: $? = 0
configure:9745: result: yes
configure:9753: checking if gcc supports -c -o file.o
configure:9800: result: yes
configure:9833: checking whether the gcc linker (/usr/bin/ld -m elf_x86_64) supports shared libraries
configure:11092: result: yes
configure:11129: checking whether -lc should be explicitly linked in
configure:11137: gcc -c -g -O2  conftest.c >&5
configure:11140: $? = 0
configure:11155: gcc -shared  -fPIC -DPIC conftest.o  -v -Wl,-soname -Wl,conftest -o conftest 2\>\&1 \| /usr/bin/grep  -lc  \>/dev/null 2\>\&1
configure:11158: $? = 0
configure:11172: result: no
configure:11332: checking dynamic linker characteristics
configure:11913: gcc -o conftest -g -O2   -Wl,-rpath -Wl,/foo conftest.c  >&5
configure:11913: $? = 0
configure:12150: result: GNU/Linux ld.so
configure:12272: checking how to hardcode library paths into programs
configure:12297: result: immediate
configure:12845: checking whether stripping libraries is possible
configure:12850: result: yes
configure:12885: checking if libtool supports shared libraries
configure:12887: result: yes
configure:12890: checking whether to build shared libraries
configure:12915: result: yes
configure:12918: checking whether to build static libraries
configure:12922: result: yes
configure:12945: checking how to run the C++ preprocessor
configure:12972: g++ -E  conftest.cpp
configure:12972: $? = 0
configure:12986: g++ -E  conftest.cpp
conftest.cpp:23:10: fatal error: ac_nonexistent.h: No such file or directory
   23 | #include <ac_nonexistent.h>
      |          ^~~~~~~~~~~~~~~~~~
compilation terminated.
configure:12986: $? = 1
configure: failed program was:
| /* confdefs.h */
| #define PACKAGE_NAME "fswatch"
| #define PACKAGE_TARNAME "fswatch"
| #define PACKAGE_VERSION "1.9.3"
| #define PACKAGE_STRING "fswatch 1.9.3"
| #define PACKAGE_BUGREPORT "enrico.m.crisostomo@gmail.com"
| #define PACKAGE_URL "https://github.com/emcrisostomo/fswatch"
| #define PACKAGE "fswatch"
| #define VERSION "1.9.3"
| #define STDC_HEADERS 1
| #define HAVE_SYS_TYPES_H 1
| #define HAVE_SYS_STAT_H 1
| #define HAVE_STDLIB_H 1
| #define HAVE_STRING_H 1
| #define HAVE_MEMORY_H 1
| #define HAVE_STRINGS_H 1
| #define HAVE_INTTYPES_H 1
| #define HAVE_STDINT_H 1
| #define HAVE_UNISTD_H 1
| #define HAVE_DLFCN_H 1
| #define LT_OBJDIR ".libs/"
| /* end confdefs.h.  */
| #include <ac_nonexistent.h>
configure:13011: result: g++ -E
configure:13031: g++ -E  conftest.cpp
configure:13031: $? = 0
configure:13045: g++ -E  conftest.cpp
conftest.cpp:23:10: fatal error: ac_nonexistent.h: No such file or directory
   23 | #include <ac_nonexistent.h>
      |          ^~~~~~~~~~~~~~~~~~
compilation terminated.
configure:13045: $? = 1
configure: failed program was:
| /* confdefs.h */
| #define PACKAGE_NAME "fswatch"
| #define PACKAGE_TARNAME "fswatch"
| #define PACKAGE_VERSION "1.9.3"
| #define PACKAGE_STRING "fswatch 1.9.3"
| #define PACKAGE_BUGREPORT "enrico.m.crisostomo@gmail.com"
| #define PACKAGE_URL "https://github.com/emcrisostomo/fswatch"
| #define PACKAGE "fswatch"
| #define VERSION "1.9.3"
| #define STDC_HEADERS 1
| #define HAVE_SYS_TYPES_H 1
| #define HAVE_SYS_STAT_H 1
| #define HAVE_STDLIB_H 1
| #define HAVE_STRING_H 1
| #define HAVE_MEMORY_H 1
| #define HAVE_STRINGS_H 1
| #define HAVE_INTTYPES_H 1
| #define HAVE_STDINT_H 1
| #define HAVE_UNISTD_H 1
| #define HAVE_DLFCN_H 1
| #define LT_OBJDIR ".libs/"
| /* end confdefs.h.  */
| #include <ac_nonexistent.h>
configure:13207: checking for ld used by g++
configure:13274: result: /usr/bin/ld -m elf_x86_64
configure:13281: checking if the linker (/usr/bin/ld -m elf_x86_64) is GNU ld
configure:13296: result: yes
configure:13351: checking whether the g++ linker (/usr/bin/ld -m elf_x86_64) supports shared libraries
configure:14424: result: yes
configure:14460: g++ -c -g -O2  conftest.cpp >&5
configure:14463: $? = 0
configure:14944: checking for g++ option to produce PIC
configure:14951: result: -fPIC -DPIC
configure:14959: checking if g++ PIC flag -fPIC -DPIC works
configure:14977: g++ -c -g -O2  -fPIC -DPIC -DPIC conftest.cpp >&5
configure:14981: $? = 0
configure:14994: result: yes
configure:15017: checking if g++ static flag -static works
configure:15045: result: yes
configure:15057: checking if g++ supports -c -o file.o
configure:15078: g++ -c -g -O2  -o out/conftest2.o conftest.cpp >&5
configure:15082: $? = 0
configure:15104: result: yes
configure:15109: checking if g++ supports -c -o file.o
configure:15156: result: yes
configure:15186: checking whether the g++ linker (/usr/bin/ld -m elf_x86_64) supports shared libraries
configure:15226: result: yes
configure:15367: checking dynamic linker characteristics
configure:16112: result: GNU/Linux ld.so
configure:16177: checking how to hardcode library paths into programs
configure:16202: result: immediate
configure:16267: checking whether NLS is requested
configure:16276: result: yes
configure:16316: checking for msgfmt
configure:16351: result: no
configure:16357: checking for gmsgfmt
configure:16388: result: :
configure:16438: checking for xgettext
configure:16473: result: no
configure:16515: checking for msgmerge
configure:16549: result: no
configure:16604: checking for ld used by gcc
configure:16671: result: /usr/bin/ld -m elf_x86_64
configure:16678: checking if the linker (/usr/bin/ld -m elf_x86_64) is GNU ld
configure:16693: result: yes
configure:16700: checking for shared library run path origin
configure:16713: result: done
configure:17286: checking for CFPreferencesCopyAppValue
configure:17304: g++ -o conftest -g -O2   conftest.cpp  -Wl,-framework -Wl,CoreFoundation >&5
conftest.cpp:23:10: fatal error: CoreFoundation/CFPreferences.h: No such file or directory
   23 | #include <CoreFoundation/CFPreferences.h>
      |          ^~~~~~~~~~~~~~~~~~~~~~~~~~~~~~~~
compilation terminated.
configure:17304: $? = 1
configure: failed program was:
| /* confdefs.h */
| #define PACKAGE_NAME "fswatch"
| #define PACKAGE_TARNAME "fswatch"
| #define PACKAGE_VERSION "1.9.3"
| #define PACKAGE_STRING "fswatch 1.9.3"
| #define PACKAGE_BUGREPORT "enrico.m.crisostomo@gmail.com"
| #define PACKAGE_URL "https://github.com/emcrisostomo/fswatch"
| #define PACKAGE "fswatch"
| #define VERSION "1.9.3"
| #define STDC_HEADERS 1
| #define HAVE_SYS_TYPES_H 1
| #define HAVE_SYS_STAT_H 1
| #define HAVE_STDLIB_H 1
| #define HAVE_STRING_H 1
| #define HAVE_MEMORY_H 1
| #define HAVE_STRINGS_H 1
| #define HAVE_INTTYPES_H 1
| #define HAVE_STDINT_H 1
| #define HAVE_UNISTD_H 1
| #define HAVE_DLFCN_H 1
| #define LT_OBJDIR ".libs/"
| /* end confdefs.h.  */
| #include <CoreFoundation/CFPreferences.h>
| int
| main ()
| {
| CFPreferencesCopyAppValue(NULL, NULL)
|   ;
|   return 0;
| }
configure:17313: result: no
configure:17320: checking for CFLocaleCopyCurrent
configure:17338: g++ -o conftest -g -O2   conftest.cpp  -Wl,-framework -Wl,CoreFoundation >&5
conftest.cpp:23:10: fatal error: CoreFoundation/CFLocale.h: No such file or directory
   23 | #include <CoreFoundation/CFLocale.h>
      |          ^~~~~~~~~~~~~~~~~~~~~~~~~~~
compilation terminated.
configure:17338: $? = 1
configure: failed program was:
| /* confdefs.h */
| #define PACKAGE_NAME "fswatch"
| #define PACKAGE_TARNAME "fswatch"
| #define PACKAGE_VERSION "1.9.3"
| #define PACKAGE_STRING "fswatch 1.9.3"
| #define PACKAGE_BUGREPORT "enrico.m.crisostomo@gmail.com"
| #define PACKAGE_URL "https://github.com/emcrisostomo/fswatch"
| #define PACKAGE "fswatch"
| #define VERSION "1.9.3"
| #define STDC_HEADERS 1
| #define HAVE_SYS_TYPES_H 1
| #define HAVE_SYS_STAT_H 1
| #define HAVE_STDLIB_H 1
| #define HAVE_STRING_H 1
| #define HAVE_MEMORY_H 1
| #define HAVE_STRINGS_H 1
| #define HAVE_INTTYPES_H 1
| #define HAVE_STDINT_H 1
| #define HAVE_UNISTD_H 1
| #define HAVE_DLFCN_H 1
| #define LT_OBJDIR ".libs/"
| /* end confdefs.h.  */
| #include <CoreFoundation/CFLocale.h>
| int
| main ()
| {
| CFLocaleCopyCurrent();
|   ;
|   return 0;
| }
configure:17347: result: no
configure:17396: checking for GNU gettext in libc
configure:17420: g++ -o conftest -g -O2   conftest.cpp  >&5
configure:17420: $? = 0
configure:17429: result: yes
configure:18266: checking whether to use NLS
configure:18268: result: yes
configure:18271: checking where the gettext function comes from
configure:18282: result: libc
configure:18351: checking whether g++ supports C++11 features by default
configure:18645: g++ -c -g -O2  conftest.cpp >&5
configure:18645: $? = 0
configure:18652: result: yes
configure:19328: checking CXXFLAGS for maximum warnings
configure:19348: g++ -c -g -O2 -warn all  -warn all  conftest.cpp >&5
g++: error: unrecognized command-line option '-warn'; did you mean '--warn-'?
g++: error: unrecognized command-line option '-warn'; did you mean '--warn-'?
configure:19348: $? = 1
configure: failed program was:
| /* confdefs.h */
| #define PACKAGE_NAME "fswatch"
| #define PACKAGE_TARNAME "fswatch"
| #define PACKAGE_VERSION "1.9.3"
| #define PACKAGE_STRING "fswatch 1.9.3"
| #define PACKAGE_BUGREPORT "enrico.m.crisostomo@gmail.com"
| #define PACKAGE_URL "https://github.com/emcrisostomo/fswatch"
| #define PACKAGE "fswatch"
| #define VERSION "1.9.3"
| #define STDC_HEADERS 1
| #define HAVE_SYS_TYPES_H 1
| #define HAVE_SYS_STAT_H 1
| #define HAVE_STDLIB_H 1
| #define HAVE_STRING_H 1
| #define HAVE_MEMORY_H 1
| #define HAVE_STRINGS_H 1
| #define HAVE_INTTYPES_H 1
| #define HAVE_STDINT_H 1
| #define HAVE_UNISTD_H 1
| #define HAVE_DLFCN_H 1
| #define LT_OBJDIR ".libs/"
| #define ENABLE_NLS 1
| #define HAVE_GETTEXT 1
| #define HAVE_DCGETTEXT 1
| #define HAVE_CXX11 1
| /* end confdefs.h.  */
| 
| int
| main ()
| {
| 
|   ;
|   return 0;
| }
configure:19348: g++ -c -g -O2 -pedantic  -Wall  conftest.cpp >&5
configure:19348: $? = 0
configure:19356: result: -Wall
configure:19373: : CXXFLAGS="$CXXFLAGS $ac_cv_cxxflags_warn_all"
configure:19376: $? = 0
configure:19400: checking for unistd.h
configure:19400: result: yes
configure:19419: checking getopt.h usability
configure:19419: g++ -c -g -O2 -Wall  conftest.cpp >&5
configure:19419: $? = 0
configure:19419: result: yes
configure:19419: checking getopt.h presence
configure:19419: g++ -E  conftest.cpp
configure:19419: $? = 0
configure:19419: result: yes
configure:19419: checking for getopt.h
configure:19419: result: yes
configure:19431: checking for size_t
configure:19431: g++ -c -g -O2 -Wall  conftest.cpp >&5
configure:19431: $? = 0
configure:19431: g++ -c -g -O2 -Wall  conftest.cpp >&5
conftest.cpp: In function 'int main()':
conftest.cpp:65:20: error: expected primary-expression before ')' token
   65 | if (sizeof ((size_t)))
      |                    ^
configure:19431: $? = 1
configure: failed program was:
| /* confdefs.h */
| #define PACKAGE_NAME "fswatch"
| #define PACKAGE_TARNAME "fswatch"
| #define PACKAGE_VERSION "1.9.3"
| #define PACKAGE_STRING "fswatch 1.9.3"
| #define PACKAGE_BUGREPORT "enrico.m.crisostomo@gmail.com"
| #define PACKAGE_URL "https://github.com/emcrisostomo/fswatch"
| #define PACKAGE "fswatch"
| #define VERSION "1.9.3"
| #define STDC_HEADERS 1
| #define HAVE_SYS_TYPES_H 1
| #define HAVE_SYS_STAT_H 1
| #define HAVE_STDLIB_H 1
| #define HAVE_STRING_H 1
| #define HAVE_MEMORY_H 1
| #define HAVE_STRINGS_H 1
| #define HAVE_INTTYPES_H 1
| #define HAVE_STDINT_H 1
| #define HAVE_UNISTD_H 1
| #define HAVE_DLFCN_H 1
| #define LT_OBJDIR ".libs/"
| #define ENABLE_NLS 1
| #define HAVE_GETTEXT 1
| #define HAVE_DCGETTEXT 1
| #define HAVE_CXX11 1
| #define HAVE_UNISTD_H 1
| #define HAVE_GETOPT_H 1
| /* end confdefs.h.  */
| #include <stdio.h>
| #ifdef HAVE_SYS_TYPES_H
| # include <sys/types.h>
| #endif
| #ifdef HAVE_SYS_STAT_H
| # include <sys/stat.h>
| #endif
| #ifdef STDC_HEADERS
| # include <stdlib.h>
| # include <stddef.h>
| #else
| # ifdef HAVE_STDLIB_H
| #  include <stdlib.h>
| # endif
| #endif
| #ifdef HAVE_STRING_H
| # if !defined STDC_HEADERS && defined HAVE_MEMORY_H
| #  include <memory.h>
| # endif
| # include <string.h>
| #endif
| #ifdef HAVE_STRINGS_H
| # include <strings.h>
| #endif
| #ifdef HAVE_INTTYPES_H
| # include <inttypes.h>
| #endif
| #ifdef HAVE_STDINT_H
| # include <stdint.h>
| #endif
| #ifdef HAVE_UNISTD_H
| # include <unistd.h>
| #endif
| int
| main ()
| {
| if (sizeof ((size_t)))
| 	    return 0;
|   ;
|   return 0;
| }
configure:19431: result: yes
configure:19442: checking for stdbool.h that conforms to C99
configure:19509: g++ -c -g -O2 -Wall  conftest.cpp >&5
conftest.cpp:32:15: error: expected unqualified-id before string constant
   32 |               "error: bool is not defined"
      |               ^~~~~~~~~~~~~~~~~~~~~~~~~~~~
conftest.cpp:50:48: error: 's' does not name a type
   50 |              struct s { _Bool s: 1; _Bool t; } s;
      |                                                ^
conftest.cpp:60:28: error: 's' was not declared in this scope
   60 |              char i[sizeof s.t];
      |                            ^
conftest.cpp: In function 'int main()':
conftest.cpp:78:24: error: 's' was not declared in this scope
   78 |              bool e = &s;
      |                        ^
conftest.cpp:82:63: error: 'i' was not declared in this scope
   82 |              return (!a + !b + !c + !d + !e + !f + !g + !h + !i + !!j + !k + !!l
      |                                                               ^
conftest.cpp:83:25: warning: enum constant in boolean context [-Wint-in-bool-context]
   83 |                      + !m + !n + !o + !p + !q + !pq);
      |                         ^
configure:19509: $? = 1
configure: failed program was:
| /* confdefs.h */
| #define PACKAGE_NAME "fswatch"
| #define PACKAGE_TARNAME "fswatch"
| #define PACKAGE_VERSION "1.9.3"
| #define PACKAGE_STRING "fswatch 1.9.3"
| #define PACKAGE_BUGREPORT "enrico.m.crisostomo@gmail.com"
| #define PACKAGE_URL "https://github.com/emcrisostomo/fswatch"
| #define PACKAGE "fswatch"
| #define VERSION "1.9.3"
| #define STDC_HEADERS 1
| #define HAVE_SYS_TYPES_H 1
| #define HAVE_SYS_STAT_H 1
| #define HAVE_STDLIB_H 1
| #define HAVE_STRING_H 1
| #define HAVE_MEMORY_H 1
| #define HAVE_STRINGS_H 1
| #define HAVE_INTTYPES_H 1
| #define HAVE_STDINT_H 1
| #define HAVE_UNISTD_H 1
| #define HAVE_DLFCN_H 1
| #define LT_OBJDIR ".libs/"
| #define ENABLE_NLS 1
| #define HAVE_GETTEXT 1
| #define HAVE_DCGETTEXT 1
| #define HAVE_CXX11 1
| #define HAVE_UNISTD_H 1
| #define HAVE_GETOPT_H 1
| /* end confdefs.h.  */
| 
|              #include <stdbool.h>
|              #ifndef bool
|               "error: bool is not defined"
|              #endif
|              #ifndef false
|               "error: false is not defined"
|              #endif
|              #if false
|               "error: false is not 0"
|              #endif
|              #ifndef true
|               "error: true is not defined"
|              #endif
|              #if true != 1
|               "error: true is not 1"
|              #endif
|              #ifndef __bool_true_false_are_defined
|               "error: __bool_true_false_are_defined is not defined"
|              #endif
| 
|              struct s { _Bool s: 1; _Bool t; } s;
| 
|              char a[true == 1 ? 1 : -1];
|              char b[false == 0 ? 1 : -1];
|              char c[__bool_true_false_are_defined == 1 ? 1 : -1];
|              char d[(bool) 0.5 == true ? 1 : -1];
|              /* See body of main program for 'e'.  */
|              char f[(_Bool) 0.0 == false ? 1 : -1];
|              char g[true];
|              char h[sizeof (_Bool)];
|              char i[sizeof s.t];
|              enum { j = false, k = true, l = false * true, m = true * 256 };
|              /* The following fails for
|                 HP aC++/ANSI C B3910B A.05.55 [Dec 04 2003]. */
|              _Bool n[m];
|              char o[sizeof n == m * sizeof n[0] ? 1 : -1];
|              char p[-1 - (_Bool) 0 < 0 && -1 - (bool) 0 < 0 ? 1 : -1];
|              /* Catch a bug in an HP-UX C compiler.  See
|                 http://gcc.gnu.org/ml/gcc-patches/2003-12/msg02303.html
|                 http://lists.gnu.org/archive/html/bug-coreutils/2005-11/msg00161.html
|               */
|              _Bool q = true;
|              _Bool *pq = &q;
| 
| int
| main ()
| {
| 
|              bool e = &s;
|              *pq |= q;
|              *pq |= ! q;
|              /* Refer to every declared value, to avoid compiler optimizations.  */
|              return (!a + !b + !c + !d + !e + !f + !g + !h + !i + !!j + !k + !!l
|                      + !m + !n + !o + !p + !q + !pq);
| 
|   ;
|   return 0;
| }
configure:19516: result: no
configure:19518: checking for _Bool
configure:19518: g++ -c -g -O2 -Wall  conftest.cpp >&5
conftest.cpp: In function 'int main()':
conftest.cpp:65:13: error: '_Bool' was not declared in this scope
   65 | if (sizeof (_Bool))
      |             ^~~~~
configure:19518: $? = 1
configure: failed program was:
| /* confdefs.h */
| #define PACKAGE_NAME "fswatch"
| #define PACKAGE_TARNAME "fswatch"
| #define PACKAGE_VERSION "1.9.3"
| #define PACKAGE_STRING "fswatch 1.9.3"
| #define PACKAGE_BUGREPORT "enrico.m.crisostomo@gmail.com"
| #define PACKAGE_URL "https://github.com/emcrisostomo/fswatch"
| #define PACKAGE "fswatch"
| #define VERSION "1.9.3"
| #define STDC_HEADERS 1
| #define HAVE_SYS_TYPES_H 1
| #define HAVE_SYS_STAT_H 1
| #define HAVE_STDLIB_H 1
| #define HAVE_STRING_H 1
| #define HAVE_MEMORY_H 1
| #define HAVE_STRINGS_H 1
| #define HAVE_INTTYPES_H 1
| #define HAVE_STDINT_H 1
| #define HAVE_UNISTD_H 1
| #define HAVE_DLFCN_H 1
| #define LT_OBJDIR ".libs/"
| #define ENABLE_NLS 1
| #define HAVE_GETTEXT 1
| #define HAVE_DCGETTEXT 1
| #define HAVE_CXX11 1
| #define HAVE_UNISTD_H 1
| #define HAVE_GETOPT_H 1
| /* end confdefs.h.  */
| #include <stdio.h>
| #ifdef HAVE_SYS_TYPES_H
| # include <sys/types.h>
| #endif
| #ifdef HAVE_SYS_STAT_H
| # include <sys/stat.h>
| #endif
| #ifdef STDC_HEADERS
| # include <stdlib.h>
| # include <stddef.h>
| #else
| # ifdef HAVE_STDLIB_H
| #  include <stdlib.h>
| # endif
| #endif
| #ifdef HAVE_STRING_H
| # if !defined STDC_HEADERS && defined HAVE_MEMORY_H
| #  include <memory.h>
| # endif
| # include <string.h>
| #endif
| #ifdef HAVE_STRINGS_H
| # include <strings.h>
| #endif
| #ifdef HAVE_INTTYPES_H
| # include <inttypes.h>
| #endif
| #ifdef HAVE_STDINT_H
| # include <stdint.h>
| #endif
| #ifdef HAVE_UNISTD_H
| # include <unistd.h>
| #endif
| int
| main ()
| {
| if (sizeof (_Bool))
| 	 return 0;
|   ;
|   return 0;
| }
configure:19518: result: no
configure:19531: checking for working strtod
configure:19572: g++ -o conftest -g -O2 -Wall   conftest.cpp  >&5
conftest.cpp: In function 'int main()':
conftest.cpp:71:20: warning: ISO C++ forbids converting a string constant to 'char*' [-Wwrite-strings]
   71 |     char *string = " +69";
      |                    ^~~~~~
conftest.cpp:82:20: warning: ISO C++ forbids converting a string constant to 'char*' [-Wwrite-strings]
   82 |     char *string = "NaN";
      |                    ^~~~~
configure:19572: $? = 0
configure:19572: ./conftest
configure:19572: $? = 0
configure:19582: result: yes
configure:19646: checking for atexit
configure:19646: g++ -o conftest -g -O2 -Wall   conftest.cpp  >&5
configure:19646: $? = 0
configure:19646: result: yes
configure:19659: checking for realpath
configure:19659: g++ -o conftest -g -O2 -Wall   conftest.cpp  >&5
configure:19659: $? = 0
configure:19659: result: yes
configure:19672: checking for setlocale
configure:19672: g++ -o conftest -g -O2 -Wall   conftest.cpp  >&5
configure:19672: $? = 0
configure:19672: result: yes
configure:19688: checking for getopt_long
configure:19688: g++ -o conftest -g -O2 -Wall   conftest.cpp  >&5
configure:19688: $? = 0
configure:19688: result: yes
configure:19808: checking that generated files are newer than configure
configure:19814: result: done
configure:19841: creating ./config.status

## ---------------------- ##
## Running config.status. ##
## ---------------------- ##

This file was extended by fswatch config.status 1.9.3, which was
generated by GNU Autoconf 2.69.  Invocation command line was

  CONFIG_FILES    = 
  CONFIG_HEADERS  = 
  CONFIG_LINKS    = 
  CONFIG_COMMANDS = 
  $ ./config.status 

on bonami-ThinkPad-E15-Gen-4

config.status:1199: creating Makefile
config.status:1199: creating src/Makefile
config.status:1199: creating doc/Makefile
config.status:1199: creating po/Makefile.in
config.status:1199: creating man/fswatch.7
config.status:1199: creating config.h
config.status:1428: executing depfiles commands
config.status:1428: executing libtool commands
config.status:1428: executing po-directories commands
configure:22442: === configuring in libfswatch (/home/bonami/src/dart_learn/bin/fswatch-1.9.3/fswatch-1.9.3/libfswatch)
configure:22505: running /bin/bash ./configure --disable-option-checking '--prefix=/usr/local'  --cache-file=/dev/null --srcdir=.

## ---------------- ##
## Cache variables. ##
## ---------------- ##

ac_cv_build=x86_64-unknown-linux-gnu
ac_cv_c_compiler_gnu=yes
ac_cv_cxx_compiler_gnu=yes
ac_cv_cxxflags_warn_all=-Wall
ac_cv_env_CCC_set=
ac_cv_env_CCC_value=
ac_cv_env_CC_set=
ac_cv_env_CC_value=
ac_cv_env_CFLAGS_set=
ac_cv_env_CFLAGS_value=
ac_cv_env_CPPFLAGS_set=
ac_cv_env_CPPFLAGS_value=
ac_cv_env_CPP_set=
ac_cv_env_CPP_value=
ac_cv_env_CXXCPP_set=
ac_cv_env_CXXCPP_value=
ac_cv_env_CXXFLAGS_set=
ac_cv_env_CXXFLAGS_value=
ac_cv_env_CXX_set=
ac_cv_env_CXX_value=
ac_cv_env_LDFLAGS_set=
ac_cv_env_LDFLAGS_value=
ac_cv_env_LIBS_set=
ac_cv_env_LIBS_value=
ac_cv_env_LT_SYS_LIBRARY_PATH_set=
ac_cv_env_LT_SYS_LIBRARY_PATH_value=
ac_cv_env_build_alias_set=
ac_cv_env_build_alias_value=
ac_cv_env_host_alias_set=
ac_cv_env_host_alias_value=
ac_cv_env_target_alias_set=
ac_cv_env_target_alias_value=
ac_cv_func_atexit=yes
ac_cv_func_getopt_long=yes
ac_cv_func_realpath=yes
ac_cv_func_setlocale=yes
ac_cv_func_strtod=yes
ac_cv_header_dlfcn_h=yes
ac_cv_header_getopt_h=yes
ac_cv_header_inttypes_h=yes
ac_cv_header_memory_h=yes
ac_cv_header_stdbool_h=no
ac_cv_header_stdc=yes
ac_cv_header_stdint_h=yes
ac_cv_header_stdlib_h=yes
ac_cv_header_string_h=yes
ac_cv_header_strings_h=yes
ac_cv_header_sys_stat_h=yes
ac_cv_header_sys_types_h=yes
ac_cv_header_unistd_h=yes
ac_cv_host=x86_64-unknown-linux-gnu
ac_cv_objext=o
ac_cv_path_EGREP='/usr/bin/grep -E'
ac_cv_path_FGREP='/usr/bin/grep -F'
ac_cv_path_GMSGFMT=:
ac_cv_path_GREP=/usr/bin/grep
ac_cv_path_MSGFMT=:
ac_cv_path_MSGMERGE=:
ac_cv_path_SED=/usr/bin/sed
ac_cv_path_XGETTEXT=:
ac_cv_path_install='/usr/bin/install -c'
ac_cv_path_lt_DD=/usr/bin/dd
ac_cv_path_mkdir=/usr/bin/mkdir
ac_cv_prog_AWK=mawk
ac_cv_prog_CPP='gcc -E'
ac_cv_prog_CXXCPP='g++ -E'
ac_cv_prog_ac_ct_AR=ar
ac_cv_prog_ac_ct_CC=gcc
ac_cv_prog_ac_ct_CXX=g++
ac_cv_prog_ac_ct_MANIFEST_TOOL=mt
ac_cv_prog_ac_ct_OBJDUMP=objdump
ac_cv_prog_ac_ct_RANLIB=ranlib
ac_cv_prog_ac_ct_STRIP=strip
ac_cv_prog_cc_c89=
ac_cv_prog_cc_g=yes
ac_cv_prog_cxx_g=yes
ac_cv_prog_make_make_set=yes
ac_cv_target=x86_64-unknown-linux-gnu
ac_cv_type__Bool=no
ac_cv_type_size_t=yes
acl_cv_hardcode_direct=no
acl_cv_hardcode_libdir_flag_spec='${wl}-rpath ${wl}$libdir'
acl_cv_hardcode_libdir_separator=
acl_cv_hardcode_minus_L=no
acl_cv_libext=a
acl_cv_libname_spec='lib$name'
acl_cv_library_names_spec='$libname$shrext'
acl_cv_path_LD='/usr/bin/ld -m elf_x86_64'
acl_cv_prog_gnu_ld=yes
acl_cv_rpath=done
acl_cv_shlibext=so
acl_cv_wl=-Wl,
am_cv_CC_dependencies_compiler_type=gcc3
am_cv_CXX_dependencies_compiler_type=gcc3
am_cv_ar_interface=ar
am_cv_make_support_nested_variables=yes
am_cv_prog_cc_c_o=yes
ax_cv_cxx_compile_cxx11=yes
gt_cv_func_CFLocaleCopyCurrent=no
gt_cv_func_CFPreferencesCopyAppValue=no
gt_cv_func_gnugettext1_libc=yes
lt_cv_ar_at_file=@
lt_cv_archive_cmds_need_lc=no
lt_cv_deplibs_check_method=pass_all
lt_cv_file_magic_cmd='$MAGIC_CMD'
lt_cv_file_magic_test_file=
lt_cv_ld_reload_flag=-r
lt_cv_nm_interface='BSD nm'
lt_cv_objdir=.libs
lt_cv_path_LD=/usr/bin/ld
lt_cv_path_LDCXX='/usr/bin/ld -m elf_x86_64'
lt_cv_path_NM='/usr/bin/nm -B'
lt_cv_path_mainfest_tool=no
lt_cv_prog_compiler_c_o=yes
lt_cv_prog_compiler_c_o_CXX=yes
lt_cv_prog_compiler_pic='-fPIC -DPIC'
lt_cv_prog_compiler_pic_CXX='-fPIC -DPIC'
lt_cv_prog_compiler_pic_works=yes
lt_cv_prog_compiler_pic_works_CXX=yes
lt_cv_prog_compiler_rtti_exceptions=no
lt_cv_prog_compiler_static_works=yes
lt_cv_prog_compiler_static_works_CXX=yes
lt_cv_prog_gnu_ld=yes
lt_cv_prog_gnu_ldcxx=yes
lt_cv_sharedlib_from_linklib_cmd='printf %s\n'
lt_cv_shlibpath_overrides_runpath=yes
lt_cv_sys_global_symbol_pipe='sed -n -e '\''s/^.*[	 ]\([ABCDGIRSTW][ABCDGIRSTW]*\)[	 ][	 ]*\([_A-Za-z][_A-Za-z0-9]*\)$/\1 \2 \2/p'\'' | sed '\''/ __gnu_lto/d'\'''
lt_cv_sys_global_symbol_to_c_name_address='sed -n -e '\''s/^: \(.*\) .*$/  {"\1", (void *) 0},/p'\'' -e '\''s/^[ABCDGIRSTW][ABCDGIRSTW]* .* \(.*\)$/  {"\1", (void *) \&\1},/p'\'''
lt_cv_sys_global_symbol_to_c_name_address_lib_prefix='sed -n -e '\''s/^: \(.*\) .*$/  {"\1", (void *) 0},/p'\'' -e '\''s/^[ABCDGIRSTW][ABCDGIRSTW]* .* \(lib.*\)$/  {"\1", (void *) \&\1},/p'\'' -e '\''s/^[ABCDGIRSTW][ABCDGIRSTW]* .* \(.*\)$/  {"lib\1", (void *) \&\1},/p'\'''
lt_cv_sys_global_symbol_to_cdecl='sed -n -e '\''s/^T .* \(.*\)$/extern int \1();/p'\'' -e '\''s/^[ABCDGIRSTW][ABCDGIRSTW]* .* \(.*\)$/extern char \1;/p'\'''
lt_cv_sys_global_symbol_to_import=
lt_cv_sys_max_cmd_len=1572864
lt_cv_to_host_file_cmd=func_convert_file_noop
lt_cv_to_tool_file_cmd=func_convert_file_noop
lt_cv_truncate_bin='/usr/bin/dd bs=4096 count=1'

## ----------------- ##
## Output variables. ##
## ----------------- ##

ACLOCAL='${SHELL} /home/bonami/src/dart_learn/bin/fswatch-1.9.3/fswatch-1.9.3/config/missing aclocal-1.15'
AMDEPBACKSLASH='\'
AMDEP_FALSE='#'
AMDEP_TRUE=''
AMTAR='$${TAR-tar}'
AM_BACKSLASH='\'
AM_DEFAULT_V='$(AM_DEFAULT_VERBOSITY)'
AM_DEFAULT_VERBOSITY='0'
AM_V='$(V)'
AR='ar'
AUTOCONF='${SHELL} /home/bonami/src/dart_learn/bin/fswatch-1.9.3/fswatch-1.9.3/config/missing autoconf'
AUTOHEADER='${SHELL} /home/bonami/src/dart_learn/bin/fswatch-1.9.3/fswatch-1.9.3/config/missing autoheader'
AUTOMAKE='${SHELL} /home/bonami/src/dart_learn/bin/fswatch-1.9.3/fswatch-1.9.3/config/missing automake-1.15'
AWK='mawk'
CC='gcc'
CCDEPMODE='depmode=gcc3'
CFLAGS='-g -O2'
CPP='gcc -E'
CPPFLAGS=''
CXX='g++'
CXXCPP='g++ -E'
CXXDEPMODE='depmode=gcc3'
CXXFLAGS='-g -O2 -Wall'
CYGPATH_W='echo'
DEFS='-DHAVE_CONFIG_H'
DEPDIR='.deps'
DLLTOOL='false'
DSYMUTIL=''
DUMPBIN=''
ECHO_C=''
ECHO_N='-n'
ECHO_T=''
EGREP='/usr/bin/grep -E'
EXEEXT=''
FGREP='/usr/bin/grep -F'
FSWATCH='fswatch'
GETTEXT_MACRO_VERSION='0.19'
GMSGFMT=':'
GMSGFMT_015=':'
GREP='/usr/bin/grep'
HAVE_CXX11='1'
INSTALL_DATA='${INSTALL} -m 644'
INSTALL_PROGRAM='${INSTALL}'
INSTALL_SCRIPT='${INSTALL}'
INSTALL_STRIP_PROGRAM='$(install_sh) -c -s'
INTLLIBS=''
INTL_MACOSX_LIBS=''
LD='/usr/bin/ld -m elf_x86_64'
LDFLAGS=''
LIBICONV='-liconv'
LIBINTL=''
LIBOBJS=''
LIBS=''
LIBTOOL='$(SHELL) $(top_builddir)/libtool'
LIBTOOL_DEPS='config/ltmain.sh'
LIPO=''
LN_S='ln -s'
LTLIBICONV='-liconv'
LTLIBINTL=''
LTLIBOBJS=''
LT_SYS_LIBRARY_PATH=''
MAKEINFO='${SHELL} /home/bonami/src/dart_learn/bin/fswatch-1.9.3/fswatch-1.9.3/config/missing makeinfo'
MANIFEST_TOOL=':'
MAN_BUG_REPORT='enrico.m.crisostomo@gmail.com'
MAN_DATE='July 19, 2023'
MKDIR_P='/usr/bin/mkdir -p'
MSGFMT=':'
MSGFMT_015=':'
MSGMERGE=':'
NM='/usr/bin/nm -B'
NMEDIT=''
OBJDUMP='objdump'
OBJEXT='o'
OTOOL64=''
OTOOL=''
PACKAGE='fswatch'
PACKAGE_BUGREPORT='enrico.m.crisostomo@gmail.com'
PACKAGE_NAME='fswatch'
PACKAGE_STRING='fswatch 1.9.3'
PACKAGE_TARNAME='fswatch'
PACKAGE_URL='https://github.com/emcrisostomo/fswatch'
PACKAGE_VERSION='1.9.3'
PATH_SEPARATOR=':'
POSUB='po'
POW_LIB=''
RANLIB='ranlib'
SED='/usr/bin/sed'
SET_MAKE=''
SHELL='/bin/bash'
STRIP='strip'
TARGET_OS='linux-gnu'
TARGET_VENDOR='unknown'
USE_NLS='yes'
VERSION='1.9.3'
XGETTEXT=':'
XGETTEXT_015=':'
XGETTEXT_EXTRA_OPTIONS=''
ac_ct_AR='ar'
ac_ct_CC='gcc'
ac_ct_CXX='g++'
ac_ct_DUMPBIN=''
am__EXEEXT_FALSE=''
am__EXEEXT_TRUE='#'
am__fastdepCC_FALSE='#'
am__fastdepCC_TRUE=''
am__fastdepCXX_FALSE='#'
am__fastdepCXX_TRUE=''
am__include='include'
am__isrc=''
am__leading_dot='.'
am__nodep='_no'
am__quote=''
am__tar='$${TAR-tar} chof - "$$tardir"'
am__untar='$${TAR-tar} xf -'
bindir='${exec_prefix}/bin'
build='x86_64-unknown-linux-gnu'
build_alias=''
build_cpu='x86_64'
build_os='linux-gnu'
build_vendor='unknown'
datadir='${datarootdir}'
datarootdir='${prefix}/share'
docdir='${datarootdir}/doc/${PACKAGE_TARNAME}'
dvidir='${docdir}'
exec_prefix='${prefix}'
host='x86_64-unknown-linux-gnu'
host_alias=''
host_cpu='x86_64'
host_os='linux-gnu'
host_vendor='unknown'
htmldir='${docdir}'
includedir='${prefix}/include'
infodir='${datarootdir}/info'
install_sh='${SHELL} /home/bonami/src/dart_learn/bin/fswatch-1.9.3/fswatch-1.9.3/config/install-sh'
libdir='${exec_prefix}/lib'
libexecdir='${exec_prefix}/libexec'
localedir='${datarootdir}/locale'
localstatedir='${prefix}/var'
mandir='${datarootdir}/man'
mkdir_p='$(MKDIR_P)'
oldincludedir='/usr/include'
pdfdir='${docdir}'
prefix='/usr/local'
program_transform_name='s,x,x,'
psdir='${docdir}'
sbindir='${exec_prefix}/sbin'
sharedstatedir='${prefix}/com'
subdirs=' libfswatch'
sysconfdir='${prefix}/etc'
target='x86_64-unknown-linux-gnu'
target_alias=''
target_cpu='x86_64'
target_os='linux-gnu'
target_vendor='unknown'

## ----------- ##
## confdefs.h. ##
## ----------- ##

/* confdefs.h */
#define PACKAGE_NAME "fswatch"
#define PACKAGE_TARNAME "fswatch"
#define PACKAGE_VERSION "1.9.3"
#define PACKAGE_STRING "fswatch 1.9.3"
#define PACKAGE_BUGREPORT "enrico.m.crisostomo@gmail.com"
#define PACKAGE_URL "https://github.com/emcrisostomo/fswatch"
#define PACKAGE "fswatch"
#define VERSION "1.9.3"
#define STDC_HEADERS 1
#define HAVE_SYS_TYPES_H 1
#define HAVE_SYS_STAT_H 1
#define HAVE_STDLIB_H 1
#define HAVE_STRING_H 1
#define HAVE_MEMORY_H 1
#define HAVE_STRINGS_H 1
#define HAVE_INTTYPES_H 1
#define HAVE_STDINT_H 1
#define HAVE_UNISTD_H 1
#define HAVE_DLFCN_H 1
#define LT_OBJDIR ".libs/"
#define ENABLE_NLS 1
#define HAVE_GETTEXT 1
#define HAVE_DCGETTEXT 1
#define HAVE_CXX11 1
#define HAVE_UNISTD_H 1
#define HAVE_GETOPT_H 1
#define HAVE_ATEXIT 1
#define HAVE_REALPATH 1
#define HAVE_SETLOCALE 1
#define HAVE_GETOPT_LONG 1

configure: exit 0
